The target system is: Linux -  - arm
The host system is: Linux - 6.6.87.1-microsoft-standard-WSL2 - x86_64
Compiling the C compiler identification source file "CMakeCCompilerId.c" succeeded.
Compiler: /home/seng/arm-rockchip830-linux-uclibcgnueabihf/bin//arm-rockchip830-linux-uclibcgnueabihf-gcc 
Build flags: 
Id flags:  

The output was:
0


Compilation of the C compiler identification source "CMakeCCompilerId.c" produced "a.out"

The C compiler identification is GNU, found in "/mnt/d/Lii/Luckfox-duino/cmake-build-debug/CMakeFiles/3.22.1/CompilerIdC/a.out"

Compiling the CXX compiler identification source file "CMakeCXXCompilerId.cpp" succeeded.
Compiler: /home/seng/arm-rockchip830-linux-uclibcgnueabihf/bin//arm-rockchip830-linux-uclibcgnueabihf-g++ 
Build flags: 
Id flags:  

The output was:
0


Compilation of the CXX compiler identification source "CMakeCXXCompilerId.cpp" produced "a.out"

The CXX compiler identification is GNU, found in "/mnt/d/Lii/Luckfox-duino/cmake-build-debug/CMakeFiles/3.22.1/CompilerIdCXX/a.out"

Detecting C compiler ABI info compiled with the following output:
Change Dir: /mnt/d/Lii/Luckfox-duino/cmake-build-debug/CMakeFiles/CMakeTmp

Run Build Command(s):/usr/bin/gmake -f Makefile cmTC_2f101/fast && /usr/bin/gmake  -f CMakeFiles/cmTC_2f101.dir/build.make CMakeFiles/cmTC_2f101.dir/build
gmake[1]: Entering directory '/mnt/d/Lii/Luckfox-duino/cmake-build-debug/CMakeFiles/CMakeTmp'
Building C object CMakeFiles/cmTC_2f101.dir/CMakeCCompilerABI.c.o
/home/seng/arm-rockchip830-linux-uclibcgnueabihf/bin//arm-rockchip830-linux-uclibcgnueabihf-gcc   -v -o CMakeFiles/cmTC_2f101.dir/CMakeCCompilerABI.c.o -c /usr/share/cmake-3.22/Modules/CMakeCCompilerABI.c
Using built-in specs.
COLLECT_GCC=/home/seng/arm-rockchip830-linux-uclibcgnueabihf/bin//arm-rockchip830-linux-uclibcgnueabihf-gcc
Target: arm-rockchip830-linux-uclibcgnueabihf
Configured with: /opt/.build/arm-rockchip830-linux-uclibcgnueabihf/src/gcc/configure --build=x86_64-build_pc-linux-gnu --host=x86_64-build_pc-linux-gnu --target=arm-rockchip830-linux-uclibcgnueabihf --prefix=/opt/x-tool/arm-rockchip830-linux-uclibcgnueabihf --with-sysroot=/opt/x-tool/arm-rockchip830-linux-uclibcgnueabihf/arm-rockchip830-linux-uclibcgnueabihf/sysroot --enable-languages=c,c++ --with-arch=armv7-a --with-fpu=neon-vfpv4 --with-float=hard --with-pkgversion='crosstool-NG 1.24.0' --enable-__cxa_atexit --disable-libmudflap --disable-libgomp --disable-libssp --disable-libquadmath --disable-libquadmath-support --disable-libsanitizer --disable-libmpx --with-gmp=/opt/.build/arm-rockchip830-linux-uclibcgnueabihf/buildtools --with-mpfr=/opt/.build/arm-rockchip830-linux-uclibcgnueabihf/buildtools --with-mpc=/opt/.build/arm-rockchip830-linux-uclibcgnueabihf/buildtools --with-isl=/opt/.build/arm-rockchip830-linux-uclibcgnueabihf/buildtools --enable-lto --with-host-libstdcxx='-static-libgcc -Wl,-Bstatic,-lstdc++,-Bdynamic -lm' --enable-threads=posix --enable-target-optspace --enable-plugin --enable-gold --disable-nls --disable-multilib --with-local-prefix=/opt/x-tool/arm-rockchip830-linux-uclibcgnueabihf/arm-rockchip830-linux-uclibcgnueabihf/sysroot --enable-long-long
Thread model: posix
gcc version 8.3.0 (crosstool-NG 1.24.0) 
COLLECT_GCC_OPTIONS='-v' '-o' 'CMakeFiles/cmTC_2f101.dir/CMakeCCompilerABI.c.o' '-c'  '-mfloat-abi=hard' '-mfpu=neon-vfpv4' '-mtls-dialect=gnu' '-marm' '-march=armv7-a+neon-vfpv4'
 /home/seng/arm-rockchip830-linux-uclibcgnueabihf/bin/../libexec/gcc/arm-rockchip830-linux-uclibcgnueabihf/8.3.0/cc1 -quiet -v -iprefix /home/seng/arm-rockchip830-linux-uclibcgnueabihf/bin/../lib/gcc/arm-rockchip830-linux-uclibcgnueabihf/8.3.0/ -isysroot /home/seng/arm-rockchip830-linux-uclibcgnueabihf/bin/../arm-rockchip830-linux-uclibcgnueabihf/sysroot /usr/share/cmake-3.22/Modules/CMakeCCompilerABI.c -quiet -dumpbase CMakeCCompilerABI.c -mfloat-abi=hard -mfpu=neon-vfpv4 -mtls-dialect=gnu -marm -march=armv7-a+neon-vfpv4 -auxbase-strip CMakeFiles/cmTC_2f101.dir/CMakeCCompilerABI.c.o -version -o /tmp/cce9aTZV.s
GNU C17 (crosstool-NG 1.24.0) version 8.3.0 (arm-rockchip830-linux-uclibcgnueabihf)
	compiled by GNU C version 5.4.0 20160609, GMP version 6.1.2, MPFR version 4.0.2, MPC version 1.1.0, isl version isl-0.24-GMP

GGC heuristics: --param ggc-min-expand=100 --param ggc-min-heapsize=131072
ignoring duplicate directory "/home/seng/arm-rockchip830-linux-uclibcgnueabihf/bin/../lib/gcc/../../lib/gcc/arm-rockchip830-linux-uclibcgnueabihf/8.3.0/include"
ignoring nonexistent directory "/home/seng/arm-rockchip830-linux-uclibcgnueabihf/bin/../arm-rockchip830-linux-uclibcgnueabihf/sysroot/opt/x-tool/arm-rockchip830-linux-uclibcgnueabihf/arm-rockchip830-linux-uclibcgnueabihf/sysroot/include"
ignoring duplicate directory "/home/seng/arm-rockchip830-linux-uclibcgnueabihf/bin/../lib/gcc/../../lib/gcc/arm-rockchip830-linux-uclibcgnueabihf/8.3.0/include-fixed"
ignoring duplicate directory "/home/seng/arm-rockchip830-linux-uclibcgnueabihf/bin/../lib/gcc/../../lib/gcc/arm-rockchip830-linux-uclibcgnueabihf/8.3.0/../../../../arm-rockchip830-linux-uclibcgnueabihf/include"
#include "..." search starts here:
#include <...> search starts here:
 /home/seng/arm-rockchip830-linux-uclibcgnueabihf/bin/../lib/gcc/arm-rockchip830-linux-uclibcgnueabihf/8.3.0/include
 /home/seng/arm-rockchip830-linux-uclibcgnueabihf/bin/../lib/gcc/arm-rockchip830-linux-uclibcgnueabihf/8.3.0/include-fixed
 /home/seng/arm-rockchip830-linux-uclibcgnueabihf/bin/../lib/gcc/arm-rockchip830-linux-uclibcgnueabihf/8.3.0/../../../../arm-rockchip830-linux-uclibcgnueabihf/include
 /home/seng/arm-rockchip830-linux-uclibcgnueabihf/bin/../arm-rockchip830-linux-uclibcgnueabihf/sysroot/usr/include
End of search list.
GNU C17 (crosstool-NG 1.24.0) version 8.3.0 (arm-rockchip830-linux-uclibcgnueabihf)
	compiled by GNU C version 5.4.0 20160609, GMP version 6.1.2, MPFR version 4.0.2, MPC version 1.1.0, isl version isl-0.24-GMP

GGC heuristics: --param ggc-min-expand=100 --param ggc-min-heapsize=131072
Compiler executable checksum: e7661739e091f01943ce0a99456fb43a
COLLECT_GCC_OPTIONS='-v' '-o' 'CMakeFiles/cmTC_2f101.dir/CMakeCCompilerABI.c.o' '-c'  '-mfloat-abi=hard' '-mfpu=neon-vfpv4' '-mtls-dialect=gnu' '-marm' '-march=armv7-a+neon-vfpv4'
 /home/seng/arm-rockchip830-linux-uclibcgnueabihf/bin/../lib/gcc/arm-rockchip830-linux-uclibcgnueabihf/8.3.0/../../../../arm-rockchip830-linux-uclibcgnueabihf/bin/as -v -march=armv7-a -mfloat-abi=hard -mfpu=neon-vfpv4 -meabi=5 -o CMakeFiles/cmTC_2f101.dir/CMakeCCompilerABI.c.o /tmp/cce9aTZV.s
GNU assembler version 2.32 (arm-rockchip830-linux-uclibcgnueabihf) using BFD version (crosstool-NG 1.24.0) 2.32
COMPILER_PATH=/home/seng/arm-rockchip830-linux-uclibcgnueabihf/bin/../libexec/gcc/arm-rockchip830-linux-uclibcgnueabihf/8.3.0/:/home/seng/arm-rockchip830-linux-uclibcgnueabihf/bin/../libexec/gcc/:/home/seng/arm-rockchip830-linux-uclibcgnueabihf/bin/../lib/gcc/arm-rockchip830-linux-uclibcgnueabihf/8.3.0/../../../../arm-rockchip830-linux-uclibcgnueabihf/bin/
LIBRARY_PATH=/home/seng/arm-rockchip830-linux-uclibcgnueabihf/bin/../lib/gcc/arm-rockchip830-linux-uclibcgnueabihf/8.3.0/:/home/seng/arm-rockchip830-linux-uclibcgnueabihf/bin/../lib/gcc/:/home/seng/arm-rockchip830-linux-uclibcgnueabihf/bin/../lib/gcc/arm-rockchip830-linux-uclibcgnueabihf/8.3.0/../../../../arm-rockchip830-linux-uclibcgnueabihf/lib/:/home/seng/arm-rockchip830-linux-uclibcgnueabihf/bin/../arm-rockchip830-linux-uclibcgnueabihf/sysroot/lib/:/home/seng/arm-rockchip830-linux-uclibcgnueabihf/bin/../arm-rockchip830-linux-uclibcgnueabihf/sysroot/usr/lib/
COLLECT_GCC_OPTIONS='-v' '-o' 'CMakeFiles/cmTC_2f101.dir/CMakeCCompilerABI.c.o' '-c'  '-mfloat-abi=hard' '-mfpu=neon-vfpv4' '-mtls-dialect=gnu' '-marm' '-march=armv7-a+neon-vfpv4'
Linking C executable cmTC_2f101
/usr/bin/cmake -E cmake_link_script CMakeFiles/cmTC_2f101.dir/link.txt --verbose=1
/home/seng/arm-rockchip830-linux-uclibcgnueabihf/bin//arm-rockchip830-linux-uclibcgnueabihf-gcc  -v CMakeFiles/cmTC_2f101.dir/CMakeCCompilerABI.c.o -o cmTC_2f101 
Using built-in specs.
COLLECT_GCC=/home/seng/arm-rockchip830-linux-uclibcgnueabihf/bin//arm-rockchip830-linux-uclibcgnueabihf-gcc
COLLECT_LTO_WRAPPER=/home/seng/arm-rockchip830-linux-uclibcgnueabihf/bin/../libexec/gcc/arm-rockchip830-linux-uclibcgnueabihf/8.3.0/lto-wrapper
Target: arm-rockchip830-linux-uclibcgnueabihf
Configured with: /opt/.build/arm-rockchip830-linux-uclibcgnueabihf/src/gcc/configure --build=x86_64-build_pc-linux-gnu --host=x86_64-build_pc-linux-gnu --target=arm-rockchip830-linux-uclibcgnueabihf --prefix=/opt/x-tool/arm-rockchip830-linux-uclibcgnueabihf --with-sysroot=/opt/x-tool/arm-rockchip830-linux-uclibcgnueabihf/arm-rockchip830-linux-uclibcgnueabihf/sysroot --enable-languages=c,c++ --with-arch=armv7-a --with-fpu=neon-vfpv4 --with-float=hard --with-pkgversion='crosstool-NG 1.24.0' --enable-__cxa_atexit --disable-libmudflap --disable-libgomp --disable-libssp --disable-libquadmath --disable-libquadmath-support --disable-libsanitizer --disable-libmpx --with-gmp=/opt/.build/arm-rockchip830-linux-uclibcgnueabihf/buildtools --with-mpfr=/opt/.build/arm-rockchip830-linux-uclibcgnueabihf/buildtools --with-mpc=/opt/.build/arm-rockchip830-linux-uclibcgnueabihf/buildtools --with-isl=/opt/.build/arm-rockchip830-linux-uclibcgnueabihf/buildtools --enable-lto --with-host-libstdcxx='-static-libgcc -Wl,-Bstatic,-lstdc++,-Bdynamic -lm' --enable-threads=posix --enable-target-optspace --enable-plugin --enable-gold --disable-nls --disable-multilib --with-local-prefix=/opt/x-tool/arm-rockchip830-linux-uclibcgnueabihf/arm-rockchip830-linux-uclibcgnueabihf/sysroot --enable-long-long
Thread model: posix
gcc version 8.3.0 (crosstool-NG 1.24.0) 
COMPILER_PATH=/home/seng/arm-rockchip830-linux-uclibcgnueabihf/bin/../libexec/gcc/arm-rockchip830-linux-uclibcgnueabihf/8.3.0/:/home/seng/arm-rockchip830-linux-uclibcgnueabihf/bin/../libexec/gcc/:/home/seng/arm-rockchip830-linux-uclibcgnueabihf/bin/../lib/gcc/arm-rockchip830-linux-uclibcgnueabihf/8.3.0/../../../../arm-rockchip830-linux-uclibcgnueabihf/bin/
LIBRARY_PATH=/home/seng/arm-rockchip830-linux-uclibcgnueabihf/bin/../lib/gcc/arm-rockchip830-linux-uclibcgnueabihf/8.3.0/:/home/seng/arm-rockchip830-linux-uclibcgnueabihf/bin/../lib/gcc/:/home/seng/arm-rockchip830-linux-uclibcgnueabihf/bin/../lib/gcc/arm-rockchip830-linux-uclibcgnueabihf/8.3.0/../../../../arm-rockchip830-linux-uclibcgnueabihf/lib/:/home/seng/arm-rockchip830-linux-uclibcgnueabihf/bin/../arm-rockchip830-linux-uclibcgnueabihf/sysroot/lib/:/home/seng/arm-rockchip830-linux-uclibcgnueabihf/bin/../arm-rockchip830-linux-uclibcgnueabihf/sysroot/usr/lib/
COLLECT_GCC_OPTIONS='-v' '-o' 'cmTC_2f101'  '-mfloat-abi=hard' '-mfpu=neon-vfpv4' '-mtls-dialect=gnu' '-marm' '-march=armv7-a+neon-vfpv4'
 /home/seng/arm-rockchip830-linux-uclibcgnueabihf/bin/../libexec/gcc/arm-rockchip830-linux-uclibcgnueabihf/8.3.0/collect2 -plugin /home/seng/arm-rockchip830-linux-uclibcgnueabihf/bin/../libexec/gcc/arm-rockchip830-linux-uclibcgnueabihf/8.3.0/liblto_plugin.so -plugin-opt=/home/seng/arm-rockchip830-linux-uclibcgnueabihf/bin/../libexec/gcc/arm-rockchip830-linux-uclibcgnueabihf/8.3.0/lto-wrapper -plugin-opt=-fresolution=/tmp/ccZIBtFN.res -plugin-opt=-pass-through=-lgcc -plugin-opt=-pass-through=-lgcc_s -plugin-opt=-pass-through=-lc -plugin-opt=-pass-through=-lgcc -plugin-opt=-pass-through=-lgcc_s --sysroot=/home/seng/arm-rockchip830-linux-uclibcgnueabihf/bin/../arm-rockchip830-linux-uclibcgnueabihf/sysroot --eh-frame-hdr -dynamic-linker /lib/ld-uClibc.so.0 -X -m armelf_linux_eabi -o cmTC_2f101 /home/seng/arm-rockchip830-linux-uclibcgnueabihf/bin/../arm-rockchip830-linux-uclibcgnueabihf/sysroot/usr/lib/crt1.o /home/seng/arm-rockchip830-linux-uclibcgnueabihf/bin/../arm-rockchip830-linux-uclibcgnueabihf/sysroot/usr/lib/crti.o /home/seng/arm-rockchip830-linux-uclibcgnueabihf/bin/../lib/gcc/arm-rockchip830-linux-uclibcgnueabihf/8.3.0/crtbegin.o -L/home/seng/arm-rockchip830-linux-uclibcgnueabihf/bin/../lib/gcc/arm-rockchip830-linux-uclibcgnueabihf/8.3.0 -L/home/seng/arm-rockchip830-linux-uclibcgnueabihf/bin/../lib/gcc -L/home/seng/arm-rockchip830-linux-uclibcgnueabihf/bin/../lib/gcc/arm-rockchip830-linux-uclibcgnueabihf/8.3.0/../../../../arm-rockchip830-linux-uclibcgnueabihf/lib -L/home/seng/arm-rockchip830-linux-uclibcgnueabihf/bin/../arm-rockchip830-linux-uclibcgnueabihf/sysroot/lib -L/home/seng/arm-rockchip830-linux-uclibcgnueabihf/bin/../arm-rockchip830-linux-uclibcgnueabihf/sysroot/usr/lib CMakeFiles/cmTC_2f101.dir/CMakeCCompilerABI.c.o -lgcc --as-needed -lgcc_s --no-as-needed -lc -lgcc --as-needed -lgcc_s --no-as-needed /home/seng/arm-rockchip830-linux-uclibcgnueabihf/bin/../lib/gcc/arm-rockchip830-linux-uclibcgnueabihf/8.3.0/crtend.o /home/seng/arm-rockchip830-linux-uclibcgnueabihf/bin/../arm-rockchip830-linux-uclibcgnueabihf/sysroot/usr/lib/crtn.o
COLLECT_GCC_OPTIONS='-v' '-o' 'cmTC_2f101'  '-mfloat-abi=hard' '-mfpu=neon-vfpv4' '-mtls-dialect=gnu' '-marm' '-march=armv7-a+neon-vfpv4'
gmake[1]: Leaving directory '/mnt/d/Lii/Luckfox-duino/cmake-build-debug/CMakeFiles/CMakeTmp'



Parsed C implicit include dir info from above output: rv=done
  found start of include info
  found start of implicit include info
    add: [/home/seng/arm-rockchip830-linux-uclibcgnueabihf/bin/../lib/gcc/arm-rockchip830-linux-uclibcgnueabihf/8.3.0/include]
    add: [/home/seng/arm-rockchip830-linux-uclibcgnueabihf/bin/../lib/gcc/arm-rockchip830-linux-uclibcgnueabihf/8.3.0/include-fixed]
    add: [/home/seng/arm-rockchip830-linux-uclibcgnueabihf/bin/../lib/gcc/arm-rockchip830-linux-uclibcgnueabihf/8.3.0/../../../../arm-rockchip830-linux-uclibcgnueabihf/include]
    add: [/home/seng/arm-rockchip830-linux-uclibcgnueabihf/bin/../arm-rockchip830-linux-uclibcgnueabihf/sysroot/usr/include]
  end of search list found
  collapse include dir [/home/seng/arm-rockchip830-linux-uclibcgnueabihf/bin/../lib/gcc/arm-rockchip830-linux-uclibcgnueabihf/8.3.0/include] ==> [/home/seng/arm-rockchip830-linux-uclibcgnueabihf/lib/gcc/arm-rockchip830-linux-uclibcgnueabihf/8.3.0/include]
  collapse include dir [/home/seng/arm-rockchip830-linux-uclibcgnueabihf/bin/../lib/gcc/arm-rockchip830-linux-uclibcgnueabihf/8.3.0/include-fixed] ==> [/home/seng/arm-rockchip830-linux-uclibcgnueabihf/lib/gcc/arm-rockchip830-linux-uclibcgnueabihf/8.3.0/include-fixed]
  collapse include dir [/home/seng/arm-rockchip830-linux-uclibcgnueabihf/bin/../lib/gcc/arm-rockchip830-linux-uclibcgnueabihf/8.3.0/../../../../arm-rockchip830-linux-uclibcgnueabihf/include] ==> [/home/seng/arm-rockchip830-linux-uclibcgnueabihf/arm-rockchip830-linux-uclibcgnueabihf/include]
  collapse include dir [/home/seng/arm-rockchip830-linux-uclibcgnueabihf/bin/../arm-rockchip830-linux-uclibcgnueabihf/sysroot/usr/include] ==> [/home/seng/arm-rockchip830-linux-uclibcgnueabihf/arm-rockchip830-linux-uclibcgnueabihf/sysroot/usr/include]
  implicit include dirs: [/home/seng/arm-rockchip830-linux-uclibcgnueabihf/lib/gcc/arm-rockchip830-linux-uclibcgnueabihf/8.3.0/include;/home/seng/arm-rockchip830-linux-uclibcgnueabihf/lib/gcc/arm-rockchip830-linux-uclibcgnueabihf/8.3.0/include-fixed;/home/seng/arm-rockchip830-linux-uclibcgnueabihf/arm-rockchip830-linux-uclibcgnueabihf/include;/home/seng/arm-rockchip830-linux-uclibcgnueabihf/arm-rockchip830-linux-uclibcgnueabihf/sysroot/usr/include]


Parsed C implicit link information from above output:
  link line regex: [^( *|.*[/\])(arm-rockchip830-linux-uclibcgnueabihf-ld|CMAKE_LINK_STARTFILE-NOTFOUND|([^/\]+-)?ld|collect2)[^/\]*( |$)]
  ignore line: [Change Dir: /mnt/d/Lii/Luckfox-duino/cmake-build-debug/CMakeFiles/CMakeTmp]
  ignore line: []
  ignore line: [Run Build Command(s):/usr/bin/gmake -f Makefile cmTC_2f101/fast && /usr/bin/gmake  -f CMakeFiles/cmTC_2f101.dir/build.make CMakeFiles/cmTC_2f101.dir/build]
  ignore line: [gmake[1]: Entering directory '/mnt/d/Lii/Luckfox-duino/cmake-build-debug/CMakeFiles/CMakeTmp']
  ignore line: [Building C object CMakeFiles/cmTC_2f101.dir/CMakeCCompilerABI.c.o]
  ignore line: [/home/seng/arm-rockchip830-linux-uclibcgnueabihf/bin//arm-rockchip830-linux-uclibcgnueabihf-gcc   -v -o CMakeFiles/cmTC_2f101.dir/CMakeCCompilerABI.c.o -c /usr/share/cmake-3.22/Modules/CMakeCCompilerABI.c]
  ignore line: [Using built-in specs.]
  ignore line: [COLLECT_GCC=/home/seng/arm-rockchip830-linux-uclibcgnueabihf/bin//arm-rockchip830-linux-uclibcgnueabihf-gcc]
  ignore line: [Target: arm-rockchip830-linux-uclibcgnueabihf]
  ignore line: [Configured with: /opt/.build/arm-rockchip830-linux-uclibcgnueabihf/src/gcc/configure --build=x86_64-build_pc-linux-gnu --host=x86_64-build_pc-linux-gnu --target=arm-rockchip830-linux-uclibcgnueabihf --prefix=/opt/x-tool/arm-rockchip830-linux-uclibcgnueabihf --with-sysroot=/opt/x-tool/arm-rockchip830-linux-uclibcgnueabihf/arm-rockchip830-linux-uclibcgnueabihf/sysroot --enable-languages=c c++ --with-arch=armv7-a --with-fpu=neon-vfpv4 --with-float=hard --with-pkgversion='crosstool-NG 1.24.0' --enable-__cxa_atexit --disable-libmudflap --disable-libgomp --disable-libssp --disable-libquadmath --disable-libquadmath-support --disable-libsanitizer --disable-libmpx --with-gmp=/opt/.build/arm-rockchip830-linux-uclibcgnueabihf/buildtools --with-mpfr=/opt/.build/arm-rockchip830-linux-uclibcgnueabihf/buildtools --with-mpc=/opt/.build/arm-rockchip830-linux-uclibcgnueabihf/buildtools --with-isl=/opt/.build/arm-rockchip830-linux-uclibcgnueabihf/buildtools --enable-lto --with-host-libstdcxx='-static-libgcc -Wl -Bstatic -lstdc++ -Bdynamic -lm' --enable-threads=posix --enable-target-optspace --enable-plugin --enable-gold --disable-nls --disable-multilib --with-local-prefix=/opt/x-tool/arm-rockchip830-linux-uclibcgnueabihf/arm-rockchip830-linux-uclibcgnueabihf/sysroot --enable-long-long]
  ignore line: [Thread model: posix]
  ignore line: [gcc version 8.3.0 (crosstool-NG 1.24.0) ]
  ignore line: [COLLECT_GCC_OPTIONS='-v' '-o' 'CMakeFiles/cmTC_2f101.dir/CMakeCCompilerABI.c.o' '-c'  '-mfloat-abi=hard' '-mfpu=neon-vfpv4' '-mtls-dialect=gnu' '-marm' '-march=armv7-a+neon-vfpv4']
  ignore line: [ /home/seng/arm-rockchip830-linux-uclibcgnueabihf/bin/../libexec/gcc/arm-rockchip830-linux-uclibcgnueabihf/8.3.0/cc1 -quiet -v -iprefix /home/seng/arm-rockchip830-linux-uclibcgnueabihf/bin/../lib/gcc/arm-rockchip830-linux-uclibcgnueabihf/8.3.0/ -isysroot /home/seng/arm-rockchip830-linux-uclibcgnueabihf/bin/../arm-rockchip830-linux-uclibcgnueabihf/sysroot /usr/share/cmake-3.22/Modules/CMakeCCompilerABI.c -quiet -dumpbase CMakeCCompilerABI.c -mfloat-abi=hard -mfpu=neon-vfpv4 -mtls-dialect=gnu -marm -march=armv7-a+neon-vfpv4 -auxbase-strip CMakeFiles/cmTC_2f101.dir/CMakeCCompilerABI.c.o -version -o /tmp/cce9aTZV.s]
  ignore line: [GNU C17 (crosstool-NG 1.24.0) version 8.3.0 (arm-rockchip830-linux-uclibcgnueabihf)]
  ignore line: [	compiled by GNU C version 5.4.0 20160609  GMP version 6.1.2  MPFR version 4.0.2  MPC version 1.1.0  isl version isl-0.24-GMP]
  ignore line: []
  ignore line: [GGC heuristics: --param ggc-min-expand=100 --param ggc-min-heapsize=131072]
  ignore line: [ignoring duplicate directory "/home/seng/arm-rockchip830-linux-uclibcgnueabihf/bin/../lib/gcc/../../lib/gcc/arm-rockchip830-linux-uclibcgnueabihf/8.3.0/include"]
  ignore line: [ignoring nonexistent directory "/home/seng/arm-rockchip830-linux-uclibcgnueabihf/bin/../arm-rockchip830-linux-uclibcgnueabihf/sysroot/opt/x-tool/arm-rockchip830-linux-uclibcgnueabihf/arm-rockchip830-linux-uclibcgnueabihf/sysroot/include"]
  ignore line: [ignoring duplicate directory "/home/seng/arm-rockchip830-linux-uclibcgnueabihf/bin/../lib/gcc/../../lib/gcc/arm-rockchip830-linux-uclibcgnueabihf/8.3.0/include-fixed"]
  ignore line: [ignoring duplicate directory "/home/seng/arm-rockchip830-linux-uclibcgnueabihf/bin/../lib/gcc/../../lib/gcc/arm-rockchip830-linux-uclibcgnueabihf/8.3.0/../../../../arm-rockchip830-linux-uclibcgnueabihf/include"]
  ignore line: [#include "..." search starts here:]
  ignore line: [#include <...> search starts here:]
  ignore line: [ /home/seng/arm-rockchip830-linux-uclibcgnueabihf/bin/../lib/gcc/arm-rockchip830-linux-uclibcgnueabihf/8.3.0/include]
  ignore line: [ /home/seng/arm-rockchip830-linux-uclibcgnueabihf/bin/../lib/gcc/arm-rockchip830-linux-uclibcgnueabihf/8.3.0/include-fixed]
  ignore line: [ /home/seng/arm-rockchip830-linux-uclibcgnueabihf/bin/../lib/gcc/arm-rockchip830-linux-uclibcgnueabihf/8.3.0/../../../../arm-rockchip830-linux-uclibcgnueabihf/include]
  ignore line: [ /home/seng/arm-rockchip830-linux-uclibcgnueabihf/bin/../arm-rockchip830-linux-uclibcgnueabihf/sysroot/usr/include]
  ignore line: [End of search list.]
  ignore line: [GNU C17 (crosstool-NG 1.24.0) version 8.3.0 (arm-rockchip830-linux-uclibcgnueabihf)]
  ignore line: [	compiled by GNU C version 5.4.0 20160609  GMP version 6.1.2  MPFR version 4.0.2  MPC version 1.1.0  isl version isl-0.24-GMP]
  ignore line: []
  ignore line: [GGC heuristics: --param ggc-min-expand=100 --param ggc-min-heapsize=131072]
  ignore line: [Compiler executable checksum: e7661739e091f01943ce0a99456fb43a]
  ignore line: [COLLECT_GCC_OPTIONS='-v' '-o' 'CMakeFiles/cmTC_2f101.dir/CMakeCCompilerABI.c.o' '-c'  '-mfloat-abi=hard' '-mfpu=neon-vfpv4' '-mtls-dialect=gnu' '-marm' '-march=armv7-a+neon-vfpv4']
  ignore line: [ /home/seng/arm-rockchip830-linux-uclibcgnueabihf/bin/../lib/gcc/arm-rockchip830-linux-uclibcgnueabihf/8.3.0/../../../../arm-rockchip830-linux-uclibcgnueabihf/bin/as -v -march=armv7-a -mfloat-abi=hard -mfpu=neon-vfpv4 -meabi=5 -o CMakeFiles/cmTC_2f101.dir/CMakeCCompilerABI.c.o /tmp/cce9aTZV.s]
  ignore line: [GNU assembler version 2.32 (arm-rockchip830-linux-uclibcgnueabihf) using BFD version (crosstool-NG 1.24.0) 2.32]
  ignore line: [COMPILER_PATH=/home/seng/arm-rockchip830-linux-uclibcgnueabihf/bin/../libexec/gcc/arm-rockchip830-linux-uclibcgnueabihf/8.3.0/:/home/seng/arm-rockchip830-linux-uclibcgnueabihf/bin/../libexec/gcc/:/home/seng/arm-rockchip830-linux-uclibcgnueabihf/bin/../lib/gcc/arm-rockchip830-linux-uclibcgnueabihf/8.3.0/../../../../arm-rockchip830-linux-uclibcgnueabihf/bin/]
  ignore line: [LIBRARY_PATH=/home/seng/arm-rockchip830-linux-uclibcgnueabihf/bin/../lib/gcc/arm-rockchip830-linux-uclibcgnueabihf/8.3.0/:/home/seng/arm-rockchip830-linux-uclibcgnueabihf/bin/../lib/gcc/:/home/seng/arm-rockchip830-linux-uclibcgnueabihf/bin/../lib/gcc/arm-rockchip830-linux-uclibcgnueabihf/8.3.0/../../../../arm-rockchip830-linux-uclibcgnueabihf/lib/:/home/seng/arm-rockchip830-linux-uclibcgnueabihf/bin/../arm-rockchip830-linux-uclibcgnueabihf/sysroot/lib/:/home/seng/arm-rockchip830-linux-uclibcgnueabihf/bin/../arm-rockchip830-linux-uclibcgnueabihf/sysroot/usr/lib/]
  ignore line: [COLLECT_GCC_OPTIONS='-v' '-o' 'CMakeFiles/cmTC_2f101.dir/CMakeCCompilerABI.c.o' '-c'  '-mfloat-abi=hard' '-mfpu=neon-vfpv4' '-mtls-dialect=gnu' '-marm' '-march=armv7-a+neon-vfpv4']
  ignore line: [Linking C executable cmTC_2f101]
  ignore line: [/usr/bin/cmake -E cmake_link_script CMakeFiles/cmTC_2f101.dir/link.txt --verbose=1]
  ignore line: [/home/seng/arm-rockchip830-linux-uclibcgnueabihf/bin//arm-rockchip830-linux-uclibcgnueabihf-gcc  -v CMakeFiles/cmTC_2f101.dir/CMakeCCompilerABI.c.o -o cmTC_2f101 ]
  ignore line: [Using built-in specs.]
  ignore line: [COLLECT_GCC=/home/seng/arm-rockchip830-linux-uclibcgnueabihf/bin//arm-rockchip830-linux-uclibcgnueabihf-gcc]
  ignore line: [COLLECT_LTO_WRAPPER=/home/seng/arm-rockchip830-linux-uclibcgnueabihf/bin/../libexec/gcc/arm-rockchip830-linux-uclibcgnueabihf/8.3.0/lto-wrapper]
  ignore line: [Target: arm-rockchip830-linux-uclibcgnueabihf]
  ignore line: [Configured with: /opt/.build/arm-rockchip830-linux-uclibcgnueabihf/src/gcc/configure --build=x86_64-build_pc-linux-gnu --host=x86_64-build_pc-linux-gnu --target=arm-rockchip830-linux-uclibcgnueabihf --prefix=/opt/x-tool/arm-rockchip830-linux-uclibcgnueabihf --with-sysroot=/opt/x-tool/arm-rockchip830-linux-uclibcgnueabihf/arm-rockchip830-linux-uclibcgnueabihf/sysroot --enable-languages=c c++ --with-arch=armv7-a --with-fpu=neon-vfpv4 --with-float=hard --with-pkgversion='crosstool-NG 1.24.0' --enable-__cxa_atexit --disable-libmudflap --disable-libgomp --disable-libssp --disable-libquadmath --disable-libquadmath-support --disable-libsanitizer --disable-libmpx --with-gmp=/opt/.build/arm-rockchip830-linux-uclibcgnueabihf/buildtools --with-mpfr=/opt/.build/arm-rockchip830-linux-uclibcgnueabihf/buildtools --with-mpc=/opt/.build/arm-rockchip830-linux-uclibcgnueabihf/buildtools --with-isl=/opt/.build/arm-rockchip830-linux-uclibcgnueabihf/buildtools --enable-lto --with-host-libstdcxx='-static-libgcc -Wl -Bstatic -lstdc++ -Bdynamic -lm' --enable-threads=posix --enable-target-optspace --enable-plugin --enable-gold --disable-nls --disable-multilib --with-local-prefix=/opt/x-tool/arm-rockchip830-linux-uclibcgnueabihf/arm-rockchip830-linux-uclibcgnueabihf/sysroot --enable-long-long]
  ignore line: [Thread model: posix]
  ignore line: [gcc version 8.3.0 (crosstool-NG 1.24.0) ]
  ignore line: [COMPILER_PATH=/home/seng/arm-rockchip830-linux-uclibcgnueabihf/bin/../libexec/gcc/arm-rockchip830-linux-uclibcgnueabihf/8.3.0/:/home/seng/arm-rockchip830-linux-uclibcgnueabihf/bin/../libexec/gcc/:/home/seng/arm-rockchip830-linux-uclibcgnueabihf/bin/../lib/gcc/arm-rockchip830-linux-uclibcgnueabihf/8.3.0/../../../../arm-rockchip830-linux-uclibcgnueabihf/bin/]
  ignore line: [LIBRARY_PATH=/home/seng/arm-rockchip830-linux-uclibcgnueabihf/bin/../lib/gcc/arm-rockchip830-linux-uclibcgnueabihf/8.3.0/:/home/seng/arm-rockchip830-linux-uclibcgnueabihf/bin/../lib/gcc/:/home/seng/arm-rockchip830-linux-uclibcgnueabihf/bin/../lib/gcc/arm-rockchip830-linux-uclibcgnueabihf/8.3.0/../../../../arm-rockchip830-linux-uclibcgnueabihf/lib/:/home/seng/arm-rockchip830-linux-uclibcgnueabihf/bin/../arm-rockchip830-linux-uclibcgnueabihf/sysroot/lib/:/home/seng/arm-rockchip830-linux-uclibcgnueabihf/bin/../arm-rockchip830-linux-uclibcgnueabihf/sysroot/usr/lib/]
  ignore line: [COLLECT_GCC_OPTIONS='-v' '-o' 'cmTC_2f101'  '-mfloat-abi=hard' '-mfpu=neon-vfpv4' '-mtls-dialect=gnu' '-marm' '-march=armv7-a+neon-vfpv4']
  link line: [ /home/seng/arm-rockchip830-linux-uclibcgnueabihf/bin/../libexec/gcc/arm-rockchip830-linux-uclibcgnueabihf/8.3.0/collect2 -plugin /home/seng/arm-rockchip830-linux-uclibcgnueabihf/bin/../libexec/gcc/arm-rockchip830-linux-uclibcgnueabihf/8.3.0/liblto_plugin.so -plugin-opt=/home/seng/arm-rockchip830-linux-uclibcgnueabihf/bin/../libexec/gcc/arm-rockchip830-linux-uclibcgnueabihf/8.3.0/lto-wrapper -plugin-opt=-fresolution=/tmp/ccZIBtFN.res -plugin-opt=-pass-through=-lgcc -plugin-opt=-pass-through=-lgcc_s -plugin-opt=-pass-through=-lc -plugin-opt=-pass-through=-lgcc -plugin-opt=-pass-through=-lgcc_s --sysroot=/home/seng/arm-rockchip830-linux-uclibcgnueabihf/bin/../arm-rockchip830-linux-uclibcgnueabihf/sysroot --eh-frame-hdr -dynamic-linker /lib/ld-uClibc.so.0 -X -m armelf_linux_eabi -o cmTC_2f101 /home/seng/arm-rockchip830-linux-uclibcgnueabihf/bin/../arm-rockchip830-linux-uclibcgnueabihf/sysroot/usr/lib/crt1.o /home/seng/arm-rockchip830-linux-uclibcgnueabihf/bin/../arm-rockchip830-linux-uclibcgnueabihf/sysroot/usr/lib/crti.o /home/seng/arm-rockchip830-linux-uclibcgnueabihf/bin/../lib/gcc/arm-rockchip830-linux-uclibcgnueabihf/8.3.0/crtbegin.o -L/home/seng/arm-rockchip830-linux-uclibcgnueabihf/bin/../lib/gcc/arm-rockchip830-linux-uclibcgnueabihf/8.3.0 -L/home/seng/arm-rockchip830-linux-uclibcgnueabihf/bin/../lib/gcc -L/home/seng/arm-rockchip830-linux-uclibcgnueabihf/bin/../lib/gcc/arm-rockchip830-linux-uclibcgnueabihf/8.3.0/../../../../arm-rockchip830-linux-uclibcgnueabihf/lib -L/home/seng/arm-rockchip830-linux-uclibcgnueabihf/bin/../arm-rockchip830-linux-uclibcgnueabihf/sysroot/lib -L/home/seng/arm-rockchip830-linux-uclibcgnueabihf/bin/../arm-rockchip830-linux-uclibcgnueabihf/sysroot/usr/lib CMakeFiles/cmTC_2f101.dir/CMakeCCompilerABI.c.o -lgcc --as-needed -lgcc_s --no-as-needed -lc -lgcc --as-needed -lgcc_s --no-as-needed /home/seng/arm-rockchip830-linux-uclibcgnueabihf/bin/../lib/gcc/arm-rockchip830-linux-uclibcgnueabihf/8.3.0/crtend.o /home/seng/arm-rockchip830-linux-uclibcgnueabihf/bin/../arm-rockchip830-linux-uclibcgnueabihf/sysroot/usr/lib/crtn.o]
    arg [/home/seng/arm-rockchip830-linux-uclibcgnueabihf/bin/../libexec/gcc/arm-rockchip830-linux-uclibcgnueabihf/8.3.0/collect2] ==> ignore
    arg [-plugin] ==> ignore
    arg [/home/seng/arm-rockchip830-linux-uclibcgnueabihf/bin/../libexec/gcc/arm-rockchip830-linux-uclibcgnueabihf/8.3.0/liblto_plugin.so] ==> ignore
    arg [-plugin-opt=/home/seng/arm-rockchip830-linux-uclibcgnueabihf/bin/../libexec/gcc/arm-rockchip830-linux-uclibcgnueabihf/8.3.0/lto-wrapper] ==> ignore
    arg [-plugin-opt=-fresolution=/tmp/ccZIBtFN.res] ==> ignore
    arg [-plugin-opt=-pass-through=-lgcc] ==> ignore
    arg [-plugin-opt=-pass-through=-lgcc_s] ==> ignore
    arg [-plugin-opt=-pass-through=-lc] ==> ignore
    arg [-plugin-opt=-pass-through=-lgcc] ==> ignore
    arg [-plugin-opt=-pass-through=-lgcc_s] ==> ignore
    arg [--sysroot=/home/seng/arm-rockchip830-linux-uclibcgnueabihf/bin/../arm-rockchip830-linux-uclibcgnueabihf/sysroot] ==> ignore
    arg [--eh-frame-hdr] ==> ignore
    arg [-dynamic-linker] ==> ignore
    arg [/lib/ld-uClibc.so.0] ==> ignore
    arg [-X] ==> ignore
    arg [-m] ==> ignore
    arg [armelf_linux_eabi] ==> ignore
    arg [-o] ==> ignore
    arg [cmTC_2f101] ==> ignore
    arg [/home/seng/arm-rockchip830-linux-uclibcgnueabihf/bin/../arm-rockchip830-linux-uclibcgnueabihf/sysroot/usr/lib/crt1.o] ==> obj [/home/seng/arm-rockchip830-linux-uclibcgnueabihf/bin/../arm-rockchip830-linux-uclibcgnueabihf/sysroot/usr/lib/crt1.o]
    arg [/home/seng/arm-rockchip830-linux-uclibcgnueabihf/bin/../arm-rockchip830-linux-uclibcgnueabihf/sysroot/usr/lib/crti.o] ==> obj [/home/seng/arm-rockchip830-linux-uclibcgnueabihf/bin/../arm-rockchip830-linux-uclibcgnueabihf/sysroot/usr/lib/crti.o]
    arg [/home/seng/arm-rockchip830-linux-uclibcgnueabihf/bin/../lib/gcc/arm-rockchip830-linux-uclibcgnueabihf/8.3.0/crtbegin.o] ==> obj [/home/seng/arm-rockchip830-linux-uclibcgnueabihf/bin/../lib/gcc/arm-rockchip830-linux-uclibcgnueabihf/8.3.0/crtbegin.o]
    arg [-L/home/seng/arm-rockchip830-linux-uclibcgnueabihf/bin/../lib/gcc/arm-rockchip830-linux-uclibcgnueabihf/8.3.0] ==> dir [/home/seng/arm-rockchip830-linux-uclibcgnueabihf/bin/../lib/gcc/arm-rockchip830-linux-uclibcgnueabihf/8.3.0]
    arg [-L/home/seng/arm-rockchip830-linux-uclibcgnueabihf/bin/../lib/gcc] ==> dir [/home/seng/arm-rockchip830-linux-uclibcgnueabihf/bin/../lib/gcc]
    arg [-L/home/seng/arm-rockchip830-linux-uclibcgnueabihf/bin/../lib/gcc/arm-rockchip830-linux-uclibcgnueabihf/8.3.0/../../../../arm-rockchip830-linux-uclibcgnueabihf/lib] ==> dir [/home/seng/arm-rockchip830-linux-uclibcgnueabihf/bin/../lib/gcc/arm-rockchip830-linux-uclibcgnueabihf/8.3.0/../../../../arm-rockchip830-linux-uclibcgnueabihf/lib]
    arg [-L/home/seng/arm-rockchip830-linux-uclibcgnueabihf/bin/../arm-rockchip830-linux-uclibcgnueabihf/sysroot/lib] ==> dir [/home/seng/arm-rockchip830-linux-uclibcgnueabihf/bin/../arm-rockchip830-linux-uclibcgnueabihf/sysroot/lib]
    arg [-L/home/seng/arm-rockchip830-linux-uclibcgnueabihf/bin/../arm-rockchip830-linux-uclibcgnueabihf/sysroot/usr/lib] ==> dir [/home/seng/arm-rockchip830-linux-uclibcgnueabihf/bin/../arm-rockchip830-linux-uclibcgnueabihf/sysroot/usr/lib]
    arg [CMakeFiles/cmTC_2f101.dir/CMakeCCompilerABI.c.o] ==> ignore
    arg [-lgcc] ==> lib [gcc]
    arg [--as-needed] ==> ignore
    arg [-lgcc_s] ==> lib [gcc_s]
    arg [--no-as-needed] ==> ignore
    arg [-lc] ==> lib [c]
    arg [-lgcc] ==> lib [gcc]
    arg [--as-needed] ==> ignore
    arg [-lgcc_s] ==> lib [gcc_s]
    arg [--no-as-needed] ==> ignore
    arg [/home/seng/arm-rockchip830-linux-uclibcgnueabihf/bin/../lib/gcc/arm-rockchip830-linux-uclibcgnueabihf/8.3.0/crtend.o] ==> obj [/home/seng/arm-rockchip830-linux-uclibcgnueabihf/bin/../lib/gcc/arm-rockchip830-linux-uclibcgnueabihf/8.3.0/crtend.o]
    arg [/home/seng/arm-rockchip830-linux-uclibcgnueabihf/bin/../arm-rockchip830-linux-uclibcgnueabihf/sysroot/usr/lib/crtn.o] ==> obj [/home/seng/arm-rockchip830-linux-uclibcgnueabihf/bin/../arm-rockchip830-linux-uclibcgnueabihf/sysroot/usr/lib/crtn.o]
  collapse obj [/home/seng/arm-rockchip830-linux-uclibcgnueabihf/bin/../arm-rockchip830-linux-uclibcgnueabihf/sysroot/usr/lib/crt1.o] ==> [/home/seng/arm-rockchip830-linux-uclibcgnueabihf/arm-rockchip830-linux-uclibcgnueabihf/sysroot/usr/lib/crt1.o]
  collapse obj [/home/seng/arm-rockchip830-linux-uclibcgnueabihf/bin/../arm-rockchip830-linux-uclibcgnueabihf/sysroot/usr/lib/crti.o] ==> [/home/seng/arm-rockchip830-linux-uclibcgnueabihf/arm-rockchip830-linux-uclibcgnueabihf/sysroot/usr/lib/crti.o]
  collapse obj [/home/seng/arm-rockchip830-linux-uclibcgnueabihf/bin/../lib/gcc/arm-rockchip830-linux-uclibcgnueabihf/8.3.0/crtbegin.o] ==> [/home/seng/arm-rockchip830-linux-uclibcgnueabihf/lib/gcc/arm-rockchip830-linux-uclibcgnueabihf/8.3.0/crtbegin.o]
  collapse obj [/home/seng/arm-rockchip830-linux-uclibcgnueabihf/bin/../lib/gcc/arm-rockchip830-linux-uclibcgnueabihf/8.3.0/crtend.o] ==> [/home/seng/arm-rockchip830-linux-uclibcgnueabihf/lib/gcc/arm-rockchip830-linux-uclibcgnueabihf/8.3.0/crtend.o]
  collapse obj [/home/seng/arm-rockchip830-linux-uclibcgnueabihf/bin/../arm-rockchip830-linux-uclibcgnueabihf/sysroot/usr/lib/crtn.o] ==> [/home/seng/arm-rockchip830-linux-uclibcgnueabihf/arm-rockchip830-linux-uclibcgnueabihf/sysroot/usr/lib/crtn.o]
  collapse library dir [/home/seng/arm-rockchip830-linux-uclibcgnueabihf/bin/../lib/gcc/arm-rockchip830-linux-uclibcgnueabihf/8.3.0] ==> [/home/seng/arm-rockchip830-linux-uclibcgnueabihf/lib/gcc/arm-rockchip830-linux-uclibcgnueabihf/8.3.0]
  collapse library dir [/home/seng/arm-rockchip830-linux-uclibcgnueabihf/bin/../lib/gcc] ==> [/home/seng/arm-rockchip830-linux-uclibcgnueabihf/lib/gcc]
  collapse library dir [/home/seng/arm-rockchip830-linux-uclibcgnueabihf/bin/../lib/gcc/arm-rockchip830-linux-uclibcgnueabihf/8.3.0/../../../../arm-rockchip830-linux-uclibcgnueabihf/lib] ==> [/home/seng/arm-rockchip830-linux-uclibcgnueabihf/arm-rockchip830-linux-uclibcgnueabihf/lib]
  collapse library dir [/home/seng/arm-rockchip830-linux-uclibcgnueabihf/bin/../arm-rockchip830-linux-uclibcgnueabihf/sysroot/lib] ==> [/home/seng/arm-rockchip830-linux-uclibcgnueabihf/arm-rockchip830-linux-uclibcgnueabihf/sysroot/lib]
  collapse library dir [/home/seng/arm-rockchip830-linux-uclibcgnueabihf/bin/../arm-rockchip830-linux-uclibcgnueabihf/sysroot/usr/lib] ==> [/home/seng/arm-rockchip830-linux-uclibcgnueabihf/arm-rockchip830-linux-uclibcgnueabihf/sysroot/usr/lib]
  implicit libs: [gcc;gcc_s;c;gcc;gcc_s]
  implicit objs: [/home/seng/arm-rockchip830-linux-uclibcgnueabihf/arm-rockchip830-linux-uclibcgnueabihf/sysroot/usr/lib/crt1.o;/home/seng/arm-rockchip830-linux-uclibcgnueabihf/arm-rockchip830-linux-uclibcgnueabihf/sysroot/usr/lib/crti.o;/home/seng/arm-rockchip830-linux-uclibcgnueabihf/lib/gcc/arm-rockchip830-linux-uclibcgnueabihf/8.3.0/crtbegin.o;/home/seng/arm-rockchip830-linux-uclibcgnueabihf/lib/gcc/arm-rockchip830-linux-uclibcgnueabihf/8.3.0/crtend.o;/home/seng/arm-rockchip830-linux-uclibcgnueabihf/arm-rockchip830-linux-uclibcgnueabihf/sysroot/usr/lib/crtn.o]
  implicit dirs: [/home/seng/arm-rockchip830-linux-uclibcgnueabihf/lib/gcc/arm-rockchip830-linux-uclibcgnueabihf/8.3.0;/home/seng/arm-rockchip830-linux-uclibcgnueabihf/lib/gcc;/home/seng/arm-rockchip830-linux-uclibcgnueabihf/arm-rockchip830-linux-uclibcgnueabihf/lib;/home/seng/arm-rockchip830-linux-uclibcgnueabihf/arm-rockchip830-linux-uclibcgnueabihf/sysroot/lib;/home/seng/arm-rockchip830-linux-uclibcgnueabihf/arm-rockchip830-linux-uclibcgnueabihf/sysroot/usr/lib]
  implicit fwks: []


Detecting CXX compiler ABI info compiled with the following output:
Change Dir: /mnt/d/Lii/Luckfox-duino/cmake-build-debug/CMakeFiles/CMakeTmp

Run Build Command(s):/usr/bin/gmake -f Makefile cmTC_e4679/fast && /usr/bin/gmake  -f CMakeFiles/cmTC_e4679.dir/build.make CMakeFiles/cmTC_e4679.dir/build
gmake[1]: Entering directory '/mnt/d/Lii/Luckfox-duino/cmake-build-debug/CMakeFiles/CMakeTmp'
Building CXX object CMakeFiles/cmTC_e4679.dir/CMakeCXXCompilerABI.cpp.o
/home/seng/arm-rockchip830-linux-uclibcgnueabihf/bin//arm-rockchip830-linux-uclibcgnueabihf-g++   -v -o CMakeFiles/cmTC_e4679.dir/CMakeCXXCompilerABI.cpp.o -c /usr/share/cmake-3.22/Modules/CMakeCXXCompilerABI.cpp
Using built-in specs.
COLLECT_GCC=/home/seng/arm-rockchip830-linux-uclibcgnueabihf/bin//arm-rockchip830-linux-uclibcgnueabihf-g++
Target: arm-rockchip830-linux-uclibcgnueabihf
Configured with: /opt/.build/arm-rockchip830-linux-uclibcgnueabihf/src/gcc/configure --build=x86_64-build_pc-linux-gnu --host=x86_64-build_pc-linux-gnu --target=arm-rockchip830-linux-uclibcgnueabihf --prefix=/opt/x-tool/arm-rockchip830-linux-uclibcgnueabihf --with-sysroot=/opt/x-tool/arm-rockchip830-linux-uclibcgnueabihf/arm-rockchip830-linux-uclibcgnueabihf/sysroot --enable-languages=c,c++ --with-arch=armv7-a --with-fpu=neon-vfpv4 --with-float=hard --with-pkgversion='crosstool-NG 1.24.0' --enable-__cxa_atexit --disable-libmudflap --disable-libgomp --disable-libssp --disable-libquadmath --disable-libquadmath-support --disable-libsanitizer --disable-libmpx --with-gmp=/opt/.build/arm-rockchip830-linux-uclibcgnueabihf/buildtools --with-mpfr=/opt/.build/arm-rockchip830-linux-uclibcgnueabihf/buildtools --with-mpc=/opt/.build/arm-rockchip830-linux-uclibcgnueabihf/buildtools --with-isl=/opt/.build/arm-rockchip830-linux-uclibcgnueabihf/buildtools --enable-lto --with-host-libstdcxx='-static-libgcc -Wl,-Bstatic,-lstdc++,-Bdynamic -lm' --enable-threads=posix --enable-target-optspace --enable-plugin --enable-gold --disable-nls --disable-multilib --with-local-prefix=/opt/x-tool/arm-rockchip830-linux-uclibcgnueabihf/arm-rockchip830-linux-uclibcgnueabihf/sysroot --enable-long-long
Thread model: posix
gcc version 8.3.0 (crosstool-NG 1.24.0) 
COLLECT_GCC_OPTIONS='-v' '-o' 'CMakeFiles/cmTC_e4679.dir/CMakeCXXCompilerABI.cpp.o' '-c' '-shared-libgcc'  '-mfloat-abi=hard' '-mfpu=neon-vfpv4' '-mtls-dialect=gnu' '-marm' '-march=armv7-a+neon-vfpv4'
 /home/seng/arm-rockchip830-linux-uclibcgnueabihf/bin/../libexec/gcc/arm-rockchip830-linux-uclibcgnueabihf/8.3.0/cc1plus -quiet -v -iprefix /home/seng/arm-rockchip830-linux-uclibcgnueabihf/bin/../lib/gcc/arm-rockchip830-linux-uclibcgnueabihf/8.3.0/ -isysroot /home/seng/arm-rockchip830-linux-uclibcgnueabihf/bin/../arm-rockchip830-linux-uclibcgnueabihf/sysroot -D_GNU_SOURCE /usr/share/cmake-3.22/Modules/CMakeCXXCompilerABI.cpp -quiet -dumpbase CMakeCXXCompilerABI.cpp -mfloat-abi=hard -mfpu=neon-vfpv4 -mtls-dialect=gnu -marm -march=armv7-a+neon-vfpv4 -auxbase-strip CMakeFiles/cmTC_e4679.dir/CMakeCXXCompilerABI.cpp.o -version -o /tmp/cc5INmDv.s
GNU C++14 (crosstool-NG 1.24.0) version 8.3.0 (arm-rockchip830-linux-uclibcgnueabihf)
	compiled by GNU C version 5.4.0 20160609, GMP version 6.1.2, MPFR version 4.0.2, MPC version 1.1.0, isl version isl-0.24-GMP

GGC heuristics: --param ggc-min-expand=100 --param ggc-min-heapsize=131072
ignoring duplicate directory "/home/seng/arm-rockchip830-linux-uclibcgnueabihf/bin/../lib/gcc/../../lib/gcc/arm-rockchip830-linux-uclibcgnueabihf/8.3.0/../../../../arm-rockchip830-linux-uclibcgnueabihf/include/c++/8.3.0"
ignoring duplicate directory "/home/seng/arm-rockchip830-linux-uclibcgnueabihf/bin/../lib/gcc/../../lib/gcc/arm-rockchip830-linux-uclibcgnueabihf/8.3.0/../../../../arm-rockchip830-linux-uclibcgnueabihf/include/c++/8.3.0/arm-rockchip830-linux-uclibcgnueabihf"
ignoring duplicate directory "/home/seng/arm-rockchip830-linux-uclibcgnueabihf/bin/../lib/gcc/../../lib/gcc/arm-rockchip830-linux-uclibcgnueabihf/8.3.0/../../../../arm-rockchip830-linux-uclibcgnueabihf/include/c++/8.3.0/backward"
ignoring duplicate directory "/home/seng/arm-rockchip830-linux-uclibcgnueabihf/bin/../lib/gcc/../../lib/gcc/arm-rockchip830-linux-uclibcgnueabihf/8.3.0/include"
ignoring nonexistent directory "/home/seng/arm-rockchip830-linux-uclibcgnueabihf/bin/../arm-rockchip830-linux-uclibcgnueabihf/sysroot/opt/x-tool/arm-rockchip830-linux-uclibcgnueabihf/arm-rockchip830-linux-uclibcgnueabihf/sysroot/include"
ignoring duplicate directory "/home/seng/arm-rockchip830-linux-uclibcgnueabihf/bin/../lib/gcc/../../lib/gcc/arm-rockchip830-linux-uclibcgnueabihf/8.3.0/include-fixed"
ignoring duplicate directory "/home/seng/arm-rockchip830-linux-uclibcgnueabihf/bin/../lib/gcc/../../lib/gcc/arm-rockchip830-linux-uclibcgnueabihf/8.3.0/../../../../arm-rockchip830-linux-uclibcgnueabihf/include"
#include "..." search starts here:
#include <...> search starts here:
 /home/seng/arm-rockchip830-linux-uclibcgnueabihf/bin/../lib/gcc/arm-rockchip830-linux-uclibcgnueabihf/8.3.0/../../../../arm-rockchip830-linux-uclibcgnueabihf/include/c++/8.3.0
 /home/seng/arm-rockchip830-linux-uclibcgnueabihf/bin/../lib/gcc/arm-rockchip830-linux-uclibcgnueabihf/8.3.0/../../../../arm-rockchip830-linux-uclibcgnueabihf/include/c++/8.3.0/arm-rockchip830-linux-uclibcgnueabihf
 /home/seng/arm-rockchip830-linux-uclibcgnueabihf/bin/../lib/gcc/arm-rockchip830-linux-uclibcgnueabihf/8.3.0/../../../../arm-rockchip830-linux-uclibcgnueabihf/include/c++/8.3.0/backward
 /home/seng/arm-rockchip830-linux-uclibcgnueabihf/bin/../lib/gcc/arm-rockchip830-linux-uclibcgnueabihf/8.3.0/include
 /home/seng/arm-rockchip830-linux-uclibcgnueabihf/bin/../lib/gcc/arm-rockchip830-linux-uclibcgnueabihf/8.3.0/include-fixed
 /home/seng/arm-rockchip830-linux-uclibcgnueabihf/bin/../lib/gcc/arm-rockchip830-linux-uclibcgnueabihf/8.3.0/../../../../arm-rockchip830-linux-uclibcgnueabihf/include
 /home/seng/arm-rockchip830-linux-uclibcgnueabihf/bin/../arm-rockchip830-linux-uclibcgnueabihf/sysroot/usr/include
End of search list.
GNU C++14 (crosstool-NG 1.24.0) version 8.3.0 (arm-rockchip830-linux-uclibcgnueabihf)
	compiled by GNU C version 5.4.0 20160609, GMP version 6.1.2, MPFR version 4.0.2, MPC version 1.1.0, isl version isl-0.24-GMP

GGC heuristics: --param ggc-min-expand=100 --param ggc-min-heapsize=131072
Compiler executable checksum: d5c264ef54524d60c06e4776bc6f681b
COLLECT_GCC_OPTIONS='-v' '-o' 'CMakeFiles/cmTC_e4679.dir/CMakeCXXCompilerABI.cpp.o' '-c' '-shared-libgcc'  '-mfloat-abi=hard' '-mfpu=neon-vfpv4' '-mtls-dialect=gnu' '-marm' '-march=armv7-a+neon-vfpv4'
 /home/seng/arm-rockchip830-linux-uclibcgnueabihf/bin/../lib/gcc/arm-rockchip830-linux-uclibcgnueabihf/8.3.0/../../../../arm-rockchip830-linux-uclibcgnueabihf/bin/as -v -march=armv7-a -mfloat-abi=hard -mfpu=neon-vfpv4 -meabi=5 -o CMakeFiles/cmTC_e4679.dir/CMakeCXXCompilerABI.cpp.o /tmp/cc5INmDv.s
GNU assembler version 2.32 (arm-rockchip830-linux-uclibcgnueabihf) using BFD version (crosstool-NG 1.24.0) 2.32
COMPILER_PATH=/home/seng/arm-rockchip830-linux-uclibcgnueabihf/bin/../libexec/gcc/arm-rockchip830-linux-uclibcgnueabihf/8.3.0/:/home/seng/arm-rockchip830-linux-uclibcgnueabihf/bin/../libexec/gcc/:/home/seng/arm-rockchip830-linux-uclibcgnueabihf/bin/../lib/gcc/arm-rockchip830-linux-uclibcgnueabihf/8.3.0/../../../../arm-rockchip830-linux-uclibcgnueabihf/bin/
LIBRARY_PATH=/home/seng/arm-rockchip830-linux-uclibcgnueabihf/bin/../lib/gcc/arm-rockchip830-linux-uclibcgnueabihf/8.3.0/:/home/seng/arm-rockchip830-linux-uclibcgnueabihf/bin/../lib/gcc/:/home/seng/arm-rockchip830-linux-uclibcgnueabihf/bin/../lib/gcc/arm-rockchip830-linux-uclibcgnueabihf/8.3.0/../../../../arm-rockchip830-linux-uclibcgnueabihf/lib/:/home/seng/arm-rockchip830-linux-uclibcgnueabihf/bin/../arm-rockchip830-linux-uclibcgnueabihf/sysroot/lib/:/home/seng/arm-rockchip830-linux-uclibcgnueabihf/bin/../arm-rockchip830-linux-uclibcgnueabihf/sysroot/usr/lib/
COLLECT_GCC_OPTIONS='-v' '-o' 'CMakeFiles/cmTC_e4679.dir/CMakeCXXCompilerABI.cpp.o' '-c' '-shared-libgcc'  '-mfloat-abi=hard' '-mfpu=neon-vfpv4' '-mtls-dialect=gnu' '-marm' '-march=armv7-a+neon-vfpv4'
Linking CXX executable cmTC_e4679
/usr/bin/cmake -E cmake_link_script CMakeFiles/cmTC_e4679.dir/link.txt --verbose=1
/home/seng/arm-rockchip830-linux-uclibcgnueabihf/bin//arm-rockchip830-linux-uclibcgnueabihf-g++  -v CMakeFiles/cmTC_e4679.dir/CMakeCXXCompilerABI.cpp.o -o cmTC_e4679 
Using built-in specs.
COLLECT_GCC=/home/seng/arm-rockchip830-linux-uclibcgnueabihf/bin//arm-rockchip830-linux-uclibcgnueabihf-g++
COLLECT_LTO_WRAPPER=/home/seng/arm-rockchip830-linux-uclibcgnueabihf/bin/../libexec/gcc/arm-rockchip830-linux-uclibcgnueabihf/8.3.0/lto-wrapper
Target: arm-rockchip830-linux-uclibcgnueabihf
Configured with: /opt/.build/arm-rockchip830-linux-uclibcgnueabihf/src/gcc/configure --build=x86_64-build_pc-linux-gnu --host=x86_64-build_pc-linux-gnu --target=arm-rockchip830-linux-uclibcgnueabihf --prefix=/opt/x-tool/arm-rockchip830-linux-uclibcgnueabihf --with-sysroot=/opt/x-tool/arm-rockchip830-linux-uclibcgnueabihf/arm-rockchip830-linux-uclibcgnueabihf/sysroot --enable-languages=c,c++ --with-arch=armv7-a --with-fpu=neon-vfpv4 --with-float=hard --with-pkgversion='crosstool-NG 1.24.0' --enable-__cxa_atexit --disable-libmudflap --disable-libgomp --disable-libssp --disable-libquadmath --disable-libquadmath-support --disable-libsanitizer --disable-libmpx --with-gmp=/opt/.build/arm-rockchip830-linux-uclibcgnueabihf/buildtools --with-mpfr=/opt/.build/arm-rockchip830-linux-uclibcgnueabihf/buildtools --with-mpc=/opt/.build/arm-rockchip830-linux-uclibcgnueabihf/buildtools --with-isl=/opt/.build/arm-rockchip830-linux-uclibcgnueabihf/buildtools --enable-lto --with-host-libstdcxx='-static-libgcc -Wl,-Bstatic,-lstdc++,-Bdynamic -lm' --enable-threads=posix --enable-target-optspace --enable-plugin --enable-gold --disable-nls --disable-multilib --with-local-prefix=/opt/x-tool/arm-rockchip830-linux-uclibcgnueabihf/arm-rockchip830-linux-uclibcgnueabihf/sysroot --enable-long-long
Thread model: posix
gcc version 8.3.0 (crosstool-NG 1.24.0) 
COMPILER_PATH=/home/seng/arm-rockchip830-linux-uclibcgnueabihf/bin/../libexec/gcc/arm-rockchip830-linux-uclibcgnueabihf/8.3.0/:/home/seng/arm-rockchip830-linux-uclibcgnueabihf/bin/../libexec/gcc/:/home/seng/arm-rockchip830-linux-uclibcgnueabihf/bin/../lib/gcc/arm-rockchip830-linux-uclibcgnueabihf/8.3.0/../../../../arm-rockchip830-linux-uclibcgnueabihf/bin/
LIBRARY_PATH=/home/seng/arm-rockchip830-linux-uclibcgnueabihf/bin/../lib/gcc/arm-rockchip830-linux-uclibcgnueabihf/8.3.0/:/home/seng/arm-rockchip830-linux-uclibcgnueabihf/bin/../lib/gcc/:/home/seng/arm-rockchip830-linux-uclibcgnueabihf/bin/../lib/gcc/arm-rockchip830-linux-uclibcgnueabihf/8.3.0/../../../../arm-rockchip830-linux-uclibcgnueabihf/lib/:/home/seng/arm-rockchip830-linux-uclibcgnueabihf/bin/../arm-rockchip830-linux-uclibcgnueabihf/sysroot/lib/:/home/seng/arm-rockchip830-linux-uclibcgnueabihf/bin/../arm-rockchip830-linux-uclibcgnueabihf/sysroot/usr/lib/
COLLECT_GCC_OPTIONS='-v' '-o' 'cmTC_e4679' '-shared-libgcc'  '-mfloat-abi=hard' '-mfpu=neon-vfpv4' '-mtls-dialect=gnu' '-marm' '-march=armv7-a+neon-vfpv4'
 /home/seng/arm-rockchip830-linux-uclibcgnueabihf/bin/../libexec/gcc/arm-rockchip830-linux-uclibcgnueabihf/8.3.0/collect2 -plugin /home/seng/arm-rockchip830-linux-uclibcgnueabihf/bin/../libexec/gcc/arm-rockchip830-linux-uclibcgnueabihf/8.3.0/liblto_plugin.so -plugin-opt=/home/seng/arm-rockchip830-linux-uclibcgnueabihf/bin/../libexec/gcc/arm-rockchip830-linux-uclibcgnueabihf/8.3.0/lto-wrapper -plugin-opt=-fresolution=/tmp/ccrFqzb3.res -plugin-opt=-pass-through=-lgcc_s -plugin-opt=-pass-through=-lgcc -plugin-opt=-pass-through=-lc -plugin-opt=-pass-through=-lgcc_s -plugin-opt=-pass-through=-lgcc --sysroot=/home/seng/arm-rockchip830-linux-uclibcgnueabihf/bin/../arm-rockchip830-linux-uclibcgnueabihf/sysroot --eh-frame-hdr -dynamic-linker /lib/ld-uClibc.so.0 -X -m armelf_linux_eabi -o cmTC_e4679 /home/seng/arm-rockchip830-linux-uclibcgnueabihf/bin/../arm-rockchip830-linux-uclibcgnueabihf/sysroot/usr/lib/crt1.o /home/seng/arm-rockchip830-linux-uclibcgnueabihf/bin/../arm-rockchip830-linux-uclibcgnueabihf/sysroot/usr/lib/crti.o /home/seng/arm-rockchip830-linux-uclibcgnueabihf/bin/../lib/gcc/arm-rockchip830-linux-uclibcgnueabihf/8.3.0/crtbegin.o -L/home/seng/arm-rockchip830-linux-uclibcgnueabihf/bin/../lib/gcc/arm-rockchip830-linux-uclibcgnueabihf/8.3.0 -L/home/seng/arm-rockchip830-linux-uclibcgnueabihf/bin/../lib/gcc -L/home/seng/arm-rockchip830-linux-uclibcgnueabihf/bin/../lib/gcc/arm-rockchip830-linux-uclibcgnueabihf/8.3.0/../../../../arm-rockchip830-linux-uclibcgnueabihf/lib -L/home/seng/arm-rockchip830-linux-uclibcgnueabihf/bin/../arm-rockchip830-linux-uclibcgnueabihf/sysroot/lib -L/home/seng/arm-rockchip830-linux-uclibcgnueabihf/bin/../arm-rockchip830-linux-uclibcgnueabihf/sysroot/usr/lib CMakeFiles/cmTC_e4679.dir/CMakeCXXCompilerABI.cpp.o -lstdc++ -lm -lgcc_s -lgcc -lc -lgcc_s -lgcc /home/seng/arm-rockchip830-linux-uclibcgnueabihf/bin/../lib/gcc/arm-rockchip830-linux-uclibcgnueabihf/8.3.0/crtend.o /home/seng/arm-rockchip830-linux-uclibcgnueabihf/bin/../arm-rockchip830-linux-uclibcgnueabihf/sysroot/usr/lib/crtn.o
COLLECT_GCC_OPTIONS='-v' '-o' 'cmTC_e4679' '-shared-libgcc'  '-mfloat-abi=hard' '-mfpu=neon-vfpv4' '-mtls-dialect=gnu' '-marm' '-march=armv7-a+neon-vfpv4'
gmake[1]: Leaving directory '/mnt/d/Lii/Luckfox-duino/cmake-build-debug/CMakeFiles/CMakeTmp'



Parsed CXX implicit include dir info from above output: rv=done
  found start of include info
  found start of implicit include info
    add: [/home/seng/arm-rockchip830-linux-uclibcgnueabihf/bin/../lib/gcc/arm-rockchip830-linux-uclibcgnueabihf/8.3.0/../../../../arm-rockchip830-linux-uclibcgnueabihf/include/c++/8.3.0]
    add: [/home/seng/arm-rockchip830-linux-uclibcgnueabihf/bin/../lib/gcc/arm-rockchip830-linux-uclibcgnueabihf/8.3.0/../../../../arm-rockchip830-linux-uclibcgnueabihf/include/c++/8.3.0/arm-rockchip830-linux-uclibcgnueabihf]
    add: [/home/seng/arm-rockchip830-linux-uclibcgnueabihf/bin/../lib/gcc/arm-rockchip830-linux-uclibcgnueabihf/8.3.0/../../../../arm-rockchip830-linux-uclibcgnueabihf/include/c++/8.3.0/backward]
    add: [/home/seng/arm-rockchip830-linux-uclibcgnueabihf/bin/../lib/gcc/arm-rockchip830-linux-uclibcgnueabihf/8.3.0/include]
    add: [/home/seng/arm-rockchip830-linux-uclibcgnueabihf/bin/../lib/gcc/arm-rockchip830-linux-uclibcgnueabihf/8.3.0/include-fixed]
    add: [/home/seng/arm-rockchip830-linux-uclibcgnueabihf/bin/../lib/gcc/arm-rockchip830-linux-uclibcgnueabihf/8.3.0/../../../../arm-rockchip830-linux-uclibcgnueabihf/include]
    add: [/home/seng/arm-rockchip830-linux-uclibcgnueabihf/bin/../arm-rockchip830-linux-uclibcgnueabihf/sysroot/usr/include]
  end of search list found
  collapse include dir [/home/seng/arm-rockchip830-linux-uclibcgnueabihf/bin/../lib/gcc/arm-rockchip830-linux-uclibcgnueabihf/8.3.0/../../../../arm-rockchip830-linux-uclibcgnueabihf/include/c++/8.3.0] ==> [/home/seng/arm-rockchip830-linux-uclibcgnueabihf/arm-rockchip830-linux-uclibcgnueabihf/include/c++/8.3.0]
  collapse include dir [/home/seng/arm-rockchip830-linux-uclibcgnueabihf/bin/../lib/gcc/arm-rockchip830-linux-uclibcgnueabihf/8.3.0/../../../../arm-rockchip830-linux-uclibcgnueabihf/include/c++/8.3.0/arm-rockchip830-linux-uclibcgnueabihf] ==> [/home/seng/arm-rockchip830-linux-uclibcgnueabihf/arm-rockchip830-linux-uclibcgnueabihf/include/c++/8.3.0/arm-rockchip830-linux-uclibcgnueabihf]
  collapse include dir [/home/seng/arm-rockchip830-linux-uclibcgnueabihf/bin/../lib/gcc/arm-rockchip830-linux-uclibcgnueabihf/8.3.0/../../../../arm-rockchip830-linux-uclibcgnueabihf/include/c++/8.3.0/backward] ==> [/home/seng/arm-rockchip830-linux-uclibcgnueabihf/arm-rockchip830-linux-uclibcgnueabihf/include/c++/8.3.0/backward]
  collapse include dir [/home/seng/arm-rockchip830-linux-uclibcgnueabihf/bin/../lib/gcc/arm-rockchip830-linux-uclibcgnueabihf/8.3.0/include] ==> [/home/seng/arm-rockchip830-linux-uclibcgnueabihf/lib/gcc/arm-rockchip830-linux-uclibcgnueabihf/8.3.0/include]
  collapse include dir [/home/seng/arm-rockchip830-linux-uclibcgnueabihf/bin/../lib/gcc/arm-rockchip830-linux-uclibcgnueabihf/8.3.0/include-fixed] ==> [/home/seng/arm-rockchip830-linux-uclibcgnueabihf/lib/gcc/arm-rockchip830-linux-uclibcgnueabihf/8.3.0/include-fixed]
  collapse include dir [/home/seng/arm-rockchip830-linux-uclibcgnueabihf/bin/../lib/gcc/arm-rockchip830-linux-uclibcgnueabihf/8.3.0/../../../../arm-rockchip830-linux-uclibcgnueabihf/include] ==> [/home/seng/arm-rockchip830-linux-uclibcgnueabihf/arm-rockchip830-linux-uclibcgnueabihf/include]
  collapse include dir [/home/seng/arm-rockchip830-linux-uclibcgnueabihf/bin/../arm-rockchip830-linux-uclibcgnueabihf/sysroot/usr/include] ==> [/home/seng/arm-rockchip830-linux-uclibcgnueabihf/arm-rockchip830-linux-uclibcgnueabihf/sysroot/usr/include]
  implicit include dirs: [/home/seng/arm-rockchip830-linux-uclibcgnueabihf/arm-rockchip830-linux-uclibcgnueabihf/include/c++/8.3.0;/home/seng/arm-rockchip830-linux-uclibcgnueabihf/arm-rockchip830-linux-uclibcgnueabihf/include/c++/8.3.0/arm-rockchip830-linux-uclibcgnueabihf;/home/seng/arm-rockchip830-linux-uclibcgnueabihf/arm-rockchip830-linux-uclibcgnueabihf/include/c++/8.3.0/backward;/home/seng/arm-rockchip830-linux-uclibcgnueabihf/lib/gcc/arm-rockchip830-linux-uclibcgnueabihf/8.3.0/include;/home/seng/arm-rockchip830-linux-uclibcgnueabihf/lib/gcc/arm-rockchip830-linux-uclibcgnueabihf/8.3.0/include-fixed;/home/seng/arm-rockchip830-linux-uclibcgnueabihf/arm-rockchip830-linux-uclibcgnueabihf/include;/home/seng/arm-rockchip830-linux-uclibcgnueabihf/arm-rockchip830-linux-uclibcgnueabihf/sysroot/usr/include]


Parsed CXX implicit link information from above output:
  link line regex: [^( *|.*[/\])(arm-rockchip830-linux-uclibcgnueabihf-ld|CMAKE_LINK_STARTFILE-NOTFOUND|([^/\]+-)?ld|collect2)[^/\]*( |$)]
  ignore line: [Change Dir: /mnt/d/Lii/Luckfox-duino/cmake-build-debug/CMakeFiles/CMakeTmp]
  ignore line: []
  ignore line: [Run Build Command(s):/usr/bin/gmake -f Makefile cmTC_e4679/fast && /usr/bin/gmake  -f CMakeFiles/cmTC_e4679.dir/build.make CMakeFiles/cmTC_e4679.dir/build]
  ignore line: [gmake[1]: Entering directory '/mnt/d/Lii/Luckfox-duino/cmake-build-debug/CMakeFiles/CMakeTmp']
  ignore line: [Building CXX object CMakeFiles/cmTC_e4679.dir/CMakeCXXCompilerABI.cpp.o]
  ignore line: [/home/seng/arm-rockchip830-linux-uclibcgnueabihf/bin//arm-rockchip830-linux-uclibcgnueabihf-g++   -v -o CMakeFiles/cmTC_e4679.dir/CMakeCXXCompilerABI.cpp.o -c /usr/share/cmake-3.22/Modules/CMakeCXXCompilerABI.cpp]
  ignore line: [Using built-in specs.]
  ignore line: [COLLECT_GCC=/home/seng/arm-rockchip830-linux-uclibcgnueabihf/bin//arm-rockchip830-linux-uclibcgnueabihf-g++]
  ignore line: [Target: arm-rockchip830-linux-uclibcgnueabihf]
  ignore line: [Configured with: /opt/.build/arm-rockchip830-linux-uclibcgnueabihf/src/gcc/configure --build=x86_64-build_pc-linux-gnu --host=x86_64-build_pc-linux-gnu --target=arm-rockchip830-linux-uclibcgnueabihf --prefix=/opt/x-tool/arm-rockchip830-linux-uclibcgnueabihf --with-sysroot=/opt/x-tool/arm-rockchip830-linux-uclibcgnueabihf/arm-rockchip830-linux-uclibcgnueabihf/sysroot --enable-languages=c c++ --with-arch=armv7-a --with-fpu=neon-vfpv4 --with-float=hard --with-pkgversion='crosstool-NG 1.24.0' --enable-__cxa_atexit --disable-libmudflap --disable-libgomp --disable-libssp --disable-libquadmath --disable-libquadmath-support --disable-libsanitizer --disable-libmpx --with-gmp=/opt/.build/arm-rockchip830-linux-uclibcgnueabihf/buildtools --with-mpfr=/opt/.build/arm-rockchip830-linux-uclibcgnueabihf/buildtools --with-mpc=/opt/.build/arm-rockchip830-linux-uclibcgnueabihf/buildtools --with-isl=/opt/.build/arm-rockchip830-linux-uclibcgnueabihf/buildtools --enable-lto --with-host-libstdcxx='-static-libgcc -Wl -Bstatic -lstdc++ -Bdynamic -lm' --enable-threads=posix --enable-target-optspace --enable-plugin --enable-gold --disable-nls --disable-multilib --with-local-prefix=/opt/x-tool/arm-rockchip830-linux-uclibcgnueabihf/arm-rockchip830-linux-uclibcgnueabihf/sysroot --enable-long-long]
  ignore line: [Thread model: posix]
  ignore line: [gcc version 8.3.0 (crosstool-NG 1.24.0) ]
  ignore line: [COLLECT_GCC_OPTIONS='-v' '-o' 'CMakeFiles/cmTC_e4679.dir/CMakeCXXCompilerABI.cpp.o' '-c' '-shared-libgcc'  '-mfloat-abi=hard' '-mfpu=neon-vfpv4' '-mtls-dialect=gnu' '-marm' '-march=armv7-a+neon-vfpv4']
  ignore line: [ /home/seng/arm-rockchip830-linux-uclibcgnueabihf/bin/../libexec/gcc/arm-rockchip830-linux-uclibcgnueabihf/8.3.0/cc1plus -quiet -v -iprefix /home/seng/arm-rockchip830-linux-uclibcgnueabihf/bin/../lib/gcc/arm-rockchip830-linux-uclibcgnueabihf/8.3.0/ -isysroot /home/seng/arm-rockchip830-linux-uclibcgnueabihf/bin/../arm-rockchip830-linux-uclibcgnueabihf/sysroot -D_GNU_SOURCE /usr/share/cmake-3.22/Modules/CMakeCXXCompilerABI.cpp -quiet -dumpbase CMakeCXXCompilerABI.cpp -mfloat-abi=hard -mfpu=neon-vfpv4 -mtls-dialect=gnu -marm -march=armv7-a+neon-vfpv4 -auxbase-strip CMakeFiles/cmTC_e4679.dir/CMakeCXXCompilerABI.cpp.o -version -o /tmp/cc5INmDv.s]
  ignore line: [GNU C++14 (crosstool-NG 1.24.0) version 8.3.0 (arm-rockchip830-linux-uclibcgnueabihf)]
  ignore line: [	compiled by GNU C version 5.4.0 20160609  GMP version 6.1.2  MPFR version 4.0.2  MPC version 1.1.0  isl version isl-0.24-GMP]
  ignore line: []
  ignore line: [GGC heuristics: --param ggc-min-expand=100 --param ggc-min-heapsize=131072]
  ignore line: [ignoring duplicate directory "/home/seng/arm-rockchip830-linux-uclibcgnueabihf/bin/../lib/gcc/../../lib/gcc/arm-rockchip830-linux-uclibcgnueabihf/8.3.0/../../../../arm-rockchip830-linux-uclibcgnueabihf/include/c++/8.3.0"]
  ignore line: [ignoring duplicate directory "/home/seng/arm-rockchip830-linux-uclibcgnueabihf/bin/../lib/gcc/../../lib/gcc/arm-rockchip830-linux-uclibcgnueabihf/8.3.0/../../../../arm-rockchip830-linux-uclibcgnueabihf/include/c++/8.3.0/arm-rockchip830-linux-uclibcgnueabihf"]
  ignore line: [ignoring duplicate directory "/home/seng/arm-rockchip830-linux-uclibcgnueabihf/bin/../lib/gcc/../../lib/gcc/arm-rockchip830-linux-uclibcgnueabihf/8.3.0/../../../../arm-rockchip830-linux-uclibcgnueabihf/include/c++/8.3.0/backward"]
  ignore line: [ignoring duplicate directory "/home/seng/arm-rockchip830-linux-uclibcgnueabihf/bin/../lib/gcc/../../lib/gcc/arm-rockchip830-linux-uclibcgnueabihf/8.3.0/include"]
  ignore line: [ignoring nonexistent directory "/home/seng/arm-rockchip830-linux-uclibcgnueabihf/bin/../arm-rockchip830-linux-uclibcgnueabihf/sysroot/opt/x-tool/arm-rockchip830-linux-uclibcgnueabihf/arm-rockchip830-linux-uclibcgnueabihf/sysroot/include"]
  ignore line: [ignoring duplicate directory "/home/seng/arm-rockchip830-linux-uclibcgnueabihf/bin/../lib/gcc/../../lib/gcc/arm-rockchip830-linux-uclibcgnueabihf/8.3.0/include-fixed"]
  ignore line: [ignoring duplicate directory "/home/seng/arm-rockchip830-linux-uclibcgnueabihf/bin/../lib/gcc/../../lib/gcc/arm-rockchip830-linux-uclibcgnueabihf/8.3.0/../../../../arm-rockchip830-linux-uclibcgnueabihf/include"]
  ignore line: [#include "..." search starts here:]
  ignore line: [#include <...> search starts here:]
  ignore line: [ /home/seng/arm-rockchip830-linux-uclibcgnueabihf/bin/../lib/gcc/arm-rockchip830-linux-uclibcgnueabihf/8.3.0/../../../../arm-rockchip830-linux-uclibcgnueabihf/include/c++/8.3.0]
  ignore line: [ /home/seng/arm-rockchip830-linux-uclibcgnueabihf/bin/../lib/gcc/arm-rockchip830-linux-uclibcgnueabihf/8.3.0/../../../../arm-rockchip830-linux-uclibcgnueabihf/include/c++/8.3.0/arm-rockchip830-linux-uclibcgnueabihf]
  ignore line: [ /home/seng/arm-rockchip830-linux-uclibcgnueabihf/bin/../lib/gcc/arm-rockchip830-linux-uclibcgnueabihf/8.3.0/../../../../arm-rockchip830-linux-uclibcgnueabihf/include/c++/8.3.0/backward]
  ignore line: [ /home/seng/arm-rockchip830-linux-uclibcgnueabihf/bin/../lib/gcc/arm-rockchip830-linux-uclibcgnueabihf/8.3.0/include]
  ignore line: [ /home/seng/arm-rockchip830-linux-uclibcgnueabihf/bin/../lib/gcc/arm-rockchip830-linux-uclibcgnueabihf/8.3.0/include-fixed]
  ignore line: [ /home/seng/arm-rockchip830-linux-uclibcgnueabihf/bin/../lib/gcc/arm-rockchip830-linux-uclibcgnueabihf/8.3.0/../../../../arm-rockchip830-linux-uclibcgnueabihf/include]
  ignore line: [ /home/seng/arm-rockchip830-linux-uclibcgnueabihf/bin/../arm-rockchip830-linux-uclibcgnueabihf/sysroot/usr/include]
  ignore line: [End of search list.]
  ignore line: [GNU C++14 (crosstool-NG 1.24.0) version 8.3.0 (arm-rockchip830-linux-uclibcgnueabihf)]
  ignore line: [	compiled by GNU C version 5.4.0 20160609  GMP version 6.1.2  MPFR version 4.0.2  MPC version 1.1.0  isl version isl-0.24-GMP]
  ignore line: []
  ignore line: [GGC heuristics: --param ggc-min-expand=100 --param ggc-min-heapsize=131072]
  ignore line: [Compiler executable checksum: d5c264ef54524d60c06e4776bc6f681b]
  ignore line: [COLLECT_GCC_OPTIONS='-v' '-o' 'CMakeFiles/cmTC_e4679.dir/CMakeCXXCompilerABI.cpp.o' '-c' '-shared-libgcc'  '-mfloat-abi=hard' '-mfpu=neon-vfpv4' '-mtls-dialect=gnu' '-marm' '-march=armv7-a+neon-vfpv4']
  ignore line: [ /home/seng/arm-rockchip830-linux-uclibcgnueabihf/bin/../lib/gcc/arm-rockchip830-linux-uclibcgnueabihf/8.3.0/../../../../arm-rockchip830-linux-uclibcgnueabihf/bin/as -v -march=armv7-a -mfloat-abi=hard -mfpu=neon-vfpv4 -meabi=5 -o CMakeFiles/cmTC_e4679.dir/CMakeCXXCompilerABI.cpp.o /tmp/cc5INmDv.s]
  ignore line: [GNU assembler version 2.32 (arm-rockchip830-linux-uclibcgnueabihf) using BFD version (crosstool-NG 1.24.0) 2.32]
  ignore line: [COMPILER_PATH=/home/seng/arm-rockchip830-linux-uclibcgnueabihf/bin/../libexec/gcc/arm-rockchip830-linux-uclibcgnueabihf/8.3.0/:/home/seng/arm-rockchip830-linux-uclibcgnueabihf/bin/../libexec/gcc/:/home/seng/arm-rockchip830-linux-uclibcgnueabihf/bin/../lib/gcc/arm-rockchip830-linux-uclibcgnueabihf/8.3.0/../../../../arm-rockchip830-linux-uclibcgnueabihf/bin/]
  ignore line: [LIBRARY_PATH=/home/seng/arm-rockchip830-linux-uclibcgnueabihf/bin/../lib/gcc/arm-rockchip830-linux-uclibcgnueabihf/8.3.0/:/home/seng/arm-rockchip830-linux-uclibcgnueabihf/bin/../lib/gcc/:/home/seng/arm-rockchip830-linux-uclibcgnueabihf/bin/../lib/gcc/arm-rockchip830-linux-uclibcgnueabihf/8.3.0/../../../../arm-rockchip830-linux-uclibcgnueabihf/lib/:/home/seng/arm-rockchip830-linux-uclibcgnueabihf/bin/../arm-rockchip830-linux-uclibcgnueabihf/sysroot/lib/:/home/seng/arm-rockchip830-linux-uclibcgnueabihf/bin/../arm-rockchip830-linux-uclibcgnueabihf/sysroot/usr/lib/]
  ignore line: [COLLECT_GCC_OPTIONS='-v' '-o' 'CMakeFiles/cmTC_e4679.dir/CMakeCXXCompilerABI.cpp.o' '-c' '-shared-libgcc'  '-mfloat-abi=hard' '-mfpu=neon-vfpv4' '-mtls-dialect=gnu' '-marm' '-march=armv7-a+neon-vfpv4']
  ignore line: [Linking CXX executable cmTC_e4679]
  ignore line: [/usr/bin/cmake -E cmake_link_script CMakeFiles/cmTC_e4679.dir/link.txt --verbose=1]
  ignore line: [/home/seng/arm-rockchip830-linux-uclibcgnueabihf/bin//arm-rockchip830-linux-uclibcgnueabihf-g++  -v CMakeFiles/cmTC_e4679.dir/CMakeCXXCompilerABI.cpp.o -o cmTC_e4679 ]
  ignore line: [Using built-in specs.]
  ignore line: [COLLECT_GCC=/home/seng/arm-rockchip830-linux-uclibcgnueabihf/bin//arm-rockchip830-linux-uclibcgnueabihf-g++]
  ignore line: [COLLECT_LTO_WRAPPER=/home/seng/arm-rockchip830-linux-uclibcgnueabihf/bin/../libexec/gcc/arm-rockchip830-linux-uclibcgnueabihf/8.3.0/lto-wrapper]
  ignore line: [Target: arm-rockchip830-linux-uclibcgnueabihf]
  ignore line: [Configured with: /opt/.build/arm-rockchip830-linux-uclibcgnueabihf/src/gcc/configure --build=x86_64-build_pc-linux-gnu --host=x86_64-build_pc-linux-gnu --target=arm-rockchip830-linux-uclibcgnueabihf --prefix=/opt/x-tool/arm-rockchip830-linux-uclibcgnueabihf --with-sysroot=/opt/x-tool/arm-rockchip830-linux-uclibcgnueabihf/arm-rockchip830-linux-uclibcgnueabihf/sysroot --enable-languages=c c++ --with-arch=armv7-a --with-fpu=neon-vfpv4 --with-float=hard --with-pkgversion='crosstool-NG 1.24.0' --enable-__cxa_atexit --disable-libmudflap --disable-libgomp --disable-libssp --disable-libquadmath --disable-libquadmath-support --disable-libsanitizer --disable-libmpx --with-gmp=/opt/.build/arm-rockchip830-linux-uclibcgnueabihf/buildtools --with-mpfr=/opt/.build/arm-rockchip830-linux-uclibcgnueabihf/buildtools --with-mpc=/opt/.build/arm-rockchip830-linux-uclibcgnueabihf/buildtools --with-isl=/opt/.build/arm-rockchip830-linux-uclibcgnueabihf/buildtools --enable-lto --with-host-libstdcxx='-static-libgcc -Wl -Bstatic -lstdc++ -Bdynamic -lm' --enable-threads=posix --enable-target-optspace --enable-plugin --enable-gold --disable-nls --disable-multilib --with-local-prefix=/opt/x-tool/arm-rockchip830-linux-uclibcgnueabihf/arm-rockchip830-linux-uclibcgnueabihf/sysroot --enable-long-long]
  ignore line: [Thread model: posix]
  ignore line: [gcc version 8.3.0 (crosstool-NG 1.24.0) ]
  ignore line: [COMPILER_PATH=/home/seng/arm-rockchip830-linux-uclibcgnueabihf/bin/../libexec/gcc/arm-rockchip830-linux-uclibcgnueabihf/8.3.0/:/home/seng/arm-rockchip830-linux-uclibcgnueabihf/bin/../libexec/gcc/:/home/seng/arm-rockchip830-linux-uclibcgnueabihf/bin/../lib/gcc/arm-rockchip830-linux-uclibcgnueabihf/8.3.0/../../../../arm-rockchip830-linux-uclibcgnueabihf/bin/]
  ignore line: [LIBRARY_PATH=/home/seng/arm-rockchip830-linux-uclibcgnueabihf/bin/../lib/gcc/arm-rockchip830-linux-uclibcgnueabihf/8.3.0/:/home/seng/arm-rockchip830-linux-uclibcgnueabihf/bin/../lib/gcc/:/home/seng/arm-rockchip830-linux-uclibcgnueabihf/bin/../lib/gcc/arm-rockchip830-linux-uclibcgnueabihf/8.3.0/../../../../arm-rockchip830-linux-uclibcgnueabihf/lib/:/home/seng/arm-rockchip830-linux-uclibcgnueabihf/bin/../arm-rockchip830-linux-uclibcgnueabihf/sysroot/lib/:/home/seng/arm-rockchip830-linux-uclibcgnueabihf/bin/../arm-rockchip830-linux-uclibcgnueabihf/sysroot/usr/lib/]
  ignore line: [COLLECT_GCC_OPTIONS='-v' '-o' 'cmTC_e4679' '-shared-libgcc'  '-mfloat-abi=hard' '-mfpu=neon-vfpv4' '-mtls-dialect=gnu' '-marm' '-march=armv7-a+neon-vfpv4']
  link line: [ /home/seng/arm-rockchip830-linux-uclibcgnueabihf/bin/../libexec/gcc/arm-rockchip830-linux-uclibcgnueabihf/8.3.0/collect2 -plugin /home/seng/arm-rockchip830-linux-uclibcgnueabihf/bin/../libexec/gcc/arm-rockchip830-linux-uclibcgnueabihf/8.3.0/liblto_plugin.so -plugin-opt=/home/seng/arm-rockchip830-linux-uclibcgnueabihf/bin/../libexec/gcc/arm-rockchip830-linux-uclibcgnueabihf/8.3.0/lto-wrapper -plugin-opt=-fresolution=/tmp/ccrFqzb3.res -plugin-opt=-pass-through=-lgcc_s -plugin-opt=-pass-through=-lgcc -plugin-opt=-pass-through=-lc -plugin-opt=-pass-through=-lgcc_s -plugin-opt=-pass-through=-lgcc --sysroot=/home/seng/arm-rockchip830-linux-uclibcgnueabihf/bin/../arm-rockchip830-linux-uclibcgnueabihf/sysroot --eh-frame-hdr -dynamic-linker /lib/ld-uClibc.so.0 -X -m armelf_linux_eabi -o cmTC_e4679 /home/seng/arm-rockchip830-linux-uclibcgnueabihf/bin/../arm-rockchip830-linux-uclibcgnueabihf/sysroot/usr/lib/crt1.o /home/seng/arm-rockchip830-linux-uclibcgnueabihf/bin/../arm-rockchip830-linux-uclibcgnueabihf/sysroot/usr/lib/crti.o /home/seng/arm-rockchip830-linux-uclibcgnueabihf/bin/../lib/gcc/arm-rockchip830-linux-uclibcgnueabihf/8.3.0/crtbegin.o -L/home/seng/arm-rockchip830-linux-uclibcgnueabihf/bin/../lib/gcc/arm-rockchip830-linux-uclibcgnueabihf/8.3.0 -L/home/seng/arm-rockchip830-linux-uclibcgnueabihf/bin/../lib/gcc -L/home/seng/arm-rockchip830-linux-uclibcgnueabihf/bin/../lib/gcc/arm-rockchip830-linux-uclibcgnueabihf/8.3.0/../../../../arm-rockchip830-linux-uclibcgnueabihf/lib -L/home/seng/arm-rockchip830-linux-uclibcgnueabihf/bin/../arm-rockchip830-linux-uclibcgnueabihf/sysroot/lib -L/home/seng/arm-rockchip830-linux-uclibcgnueabihf/bin/../arm-rockchip830-linux-uclibcgnueabihf/sysroot/usr/lib CMakeFiles/cmTC_e4679.dir/CMakeCXXCompilerABI.cpp.o -lstdc++ -lm -lgcc_s -lgcc -lc -lgcc_s -lgcc /home/seng/arm-rockchip830-linux-uclibcgnueabihf/bin/../lib/gcc/arm-rockchip830-linux-uclibcgnueabihf/8.3.0/crtend.o /home/seng/arm-rockchip830-linux-uclibcgnueabihf/bin/../arm-rockchip830-linux-uclibcgnueabihf/sysroot/usr/lib/crtn.o]
    arg [/home/seng/arm-rockchip830-linux-uclibcgnueabihf/bin/../libexec/gcc/arm-rockchip830-linux-uclibcgnueabihf/8.3.0/collect2] ==> ignore
    arg [-plugin] ==> ignore
    arg [/home/seng/arm-rockchip830-linux-uclibcgnueabihf/bin/../libexec/gcc/arm-rockchip830-linux-uclibcgnueabihf/8.3.0/liblto_plugin.so] ==> ignore
    arg [-plugin-opt=/home/seng/arm-rockchip830-linux-uclibcgnueabihf/bin/../libexec/gcc/arm-rockchip830-linux-uclibcgnueabihf/8.3.0/lto-wrapper] ==> ignore
    arg [-plugin-opt=-fresolution=/tmp/ccrFqzb3.res] ==> ignore
    arg [-plugin-opt=-pass-through=-lgcc_s] ==> ignore
    arg [-plugin-opt=-pass-through=-lgcc] ==> ignore
    arg [-plugin-opt=-pass-through=-lc] ==> ignore
    arg [-plugin-opt=-pass-through=-lgcc_s] ==> ignore
    arg [-plugin-opt=-pass-through=-lgcc] ==> ignore
    arg [--sysroot=/home/seng/arm-rockchip830-linux-uclibcgnueabihf/bin/../arm-rockchip830-linux-uclibcgnueabihf/sysroot] ==> ignore
    arg [--eh-frame-hdr] ==> ignore
    arg [-dynamic-linker] ==> ignore
    arg [/lib/ld-uClibc.so.0] ==> ignore
    arg [-X] ==> ignore
    arg [-m] ==> ignore
    arg [armelf_linux_eabi] ==> ignore
    arg [-o] ==> ignore
    arg [cmTC_e4679] ==> ignore
    arg [/home/seng/arm-rockchip830-linux-uclibcgnueabihf/bin/../arm-rockchip830-linux-uclibcgnueabihf/sysroot/usr/lib/crt1.o] ==> obj [/home/seng/arm-rockchip830-linux-uclibcgnueabihf/bin/../arm-rockchip830-linux-uclibcgnueabihf/sysroot/usr/lib/crt1.o]
    arg [/home/seng/arm-rockchip830-linux-uclibcgnueabihf/bin/../arm-rockchip830-linux-uclibcgnueabihf/sysroot/usr/lib/crti.o] ==> obj [/home/seng/arm-rockchip830-linux-uclibcgnueabihf/bin/../arm-rockchip830-linux-uclibcgnueabihf/sysroot/usr/lib/crti.o]
    arg [/home/seng/arm-rockchip830-linux-uclibcgnueabihf/bin/../lib/gcc/arm-rockchip830-linux-uclibcgnueabihf/8.3.0/crtbegin.o] ==> obj [/home/seng/arm-rockchip830-linux-uclibcgnueabihf/bin/../lib/gcc/arm-rockchip830-linux-uclibcgnueabihf/8.3.0/crtbegin.o]
    arg [-L/home/seng/arm-rockchip830-linux-uclibcgnueabihf/bin/../lib/gcc/arm-rockchip830-linux-uclibcgnueabihf/8.3.0] ==> dir [/home/seng/arm-rockchip830-linux-uclibcgnueabihf/bin/../lib/gcc/arm-rockchip830-linux-uclibcgnueabihf/8.3.0]
    arg [-L/home/seng/arm-rockchip830-linux-uclibcgnueabihf/bin/../lib/gcc] ==> dir [/home/seng/arm-rockchip830-linux-uclibcgnueabihf/bin/../lib/gcc]
    arg [-L/home/seng/arm-rockchip830-linux-uclibcgnueabihf/bin/../lib/gcc/arm-rockchip830-linux-uclibcgnueabihf/8.3.0/../../../../arm-rockchip830-linux-uclibcgnueabihf/lib] ==> dir [/home/seng/arm-rockchip830-linux-uclibcgnueabihf/bin/../lib/gcc/arm-rockchip830-linux-uclibcgnueabihf/8.3.0/../../../../arm-rockchip830-linux-uclibcgnueabihf/lib]
    arg [-L/home/seng/arm-rockchip830-linux-uclibcgnueabihf/bin/../arm-rockchip830-linux-uclibcgnueabihf/sysroot/lib] ==> dir [/home/seng/arm-rockchip830-linux-uclibcgnueabihf/bin/../arm-rockchip830-linux-uclibcgnueabihf/sysroot/lib]
    arg [-L/home/seng/arm-rockchip830-linux-uclibcgnueabihf/bin/../arm-rockchip830-linux-uclibcgnueabihf/sysroot/usr/lib] ==> dir [/home/seng/arm-rockchip830-linux-uclibcgnueabihf/bin/../arm-rockchip830-linux-uclibcgnueabihf/sysroot/usr/lib]
    arg [CMakeFiles/cmTC_e4679.dir/CMakeCXXCompilerABI.cpp.o] ==> ignore
    arg [-lstdc++] ==> lib [stdc++]
    arg [-lm] ==> lib [m]
    arg [-lgcc_s] ==> lib [gcc_s]
    arg [-lgcc] ==> lib [gcc]
    arg [-lc] ==> lib [c]
    arg [-lgcc_s] ==> lib [gcc_s]
    arg [-lgcc] ==> lib [gcc]
    arg [/home/seng/arm-rockchip830-linux-uclibcgnueabihf/bin/../lib/gcc/arm-rockchip830-linux-uclibcgnueabihf/8.3.0/crtend.o] ==> obj [/home/seng/arm-rockchip830-linux-uclibcgnueabihf/bin/../lib/gcc/arm-rockchip830-linux-uclibcgnueabihf/8.3.0/crtend.o]
    arg [/home/seng/arm-rockchip830-linux-uclibcgnueabihf/bin/../arm-rockchip830-linux-uclibcgnueabihf/sysroot/usr/lib/crtn.o] ==> obj [/home/seng/arm-rockchip830-linux-uclibcgnueabihf/bin/../arm-rockchip830-linux-uclibcgnueabihf/sysroot/usr/lib/crtn.o]
  collapse obj [/home/seng/arm-rockchip830-linux-uclibcgnueabihf/bin/../arm-rockchip830-linux-uclibcgnueabihf/sysroot/usr/lib/crt1.o] ==> [/home/seng/arm-rockchip830-linux-uclibcgnueabihf/arm-rockchip830-linux-uclibcgnueabihf/sysroot/usr/lib/crt1.o]
  collapse obj [/home/seng/arm-rockchip830-linux-uclibcgnueabihf/bin/../arm-rockchip830-linux-uclibcgnueabihf/sysroot/usr/lib/crti.o] ==> [/home/seng/arm-rockchip830-linux-uclibcgnueabihf/arm-rockchip830-linux-uclibcgnueabihf/sysroot/usr/lib/crti.o]
  collapse obj [/home/seng/arm-rockchip830-linux-uclibcgnueabihf/bin/../lib/gcc/arm-rockchip830-linux-uclibcgnueabihf/8.3.0/crtbegin.o] ==> [/home/seng/arm-rockchip830-linux-uclibcgnueabihf/lib/gcc/arm-rockchip830-linux-uclibcgnueabihf/8.3.0/crtbegin.o]
  collapse obj [/home/seng/arm-rockchip830-linux-uclibcgnueabihf/bin/../lib/gcc/arm-rockchip830-linux-uclibcgnueabihf/8.3.0/crtend.o] ==> [/home/seng/arm-rockchip830-linux-uclibcgnueabihf/lib/gcc/arm-rockchip830-linux-uclibcgnueabihf/8.3.0/crtend.o]
  collapse obj [/home/seng/arm-rockchip830-linux-uclibcgnueabihf/bin/../arm-rockchip830-linux-uclibcgnueabihf/sysroot/usr/lib/crtn.o] ==> [/home/seng/arm-rockchip830-linux-uclibcgnueabihf/arm-rockchip830-linux-uclibcgnueabihf/sysroot/usr/lib/crtn.o]
  collapse library dir [/home/seng/arm-rockchip830-linux-uclibcgnueabihf/bin/../lib/gcc/arm-rockchip830-linux-uclibcgnueabihf/8.3.0] ==> [/home/seng/arm-rockchip830-linux-uclibcgnueabihf/lib/gcc/arm-rockchip830-linux-uclibcgnueabihf/8.3.0]
  collapse library dir [/home/seng/arm-rockchip830-linux-uclibcgnueabihf/bin/../lib/gcc] ==> [/home/seng/arm-rockchip830-linux-uclibcgnueabihf/lib/gcc]
  collapse library dir [/home/seng/arm-rockchip830-linux-uclibcgnueabihf/bin/../lib/gcc/arm-rockchip830-linux-uclibcgnueabihf/8.3.0/../../../../arm-rockchip830-linux-uclibcgnueabihf/lib] ==> [/home/seng/arm-rockchip830-linux-uclibcgnueabihf/arm-rockchip830-linux-uclibcgnueabihf/lib]
  collapse library dir [/home/seng/arm-rockchip830-linux-uclibcgnueabihf/bin/../arm-rockchip830-linux-uclibcgnueabihf/sysroot/lib] ==> [/home/seng/arm-rockchip830-linux-uclibcgnueabihf/arm-rockchip830-linux-uclibcgnueabihf/sysroot/lib]
  collapse library dir [/home/seng/arm-rockchip830-linux-uclibcgnueabihf/bin/../arm-rockchip830-linux-uclibcgnueabihf/sysroot/usr/lib] ==> [/home/seng/arm-rockchip830-linux-uclibcgnueabihf/arm-rockchip830-linux-uclibcgnueabihf/sysroot/usr/lib]
  implicit libs: [stdc++;m;gcc_s;gcc;c;gcc_s;gcc]
  implicit objs: [/home/seng/arm-rockchip830-linux-uclibcgnueabihf/arm-rockchip830-linux-uclibcgnueabihf/sysroot/usr/lib/crt1.o;/home/seng/arm-rockchip830-linux-uclibcgnueabihf/arm-rockchip830-linux-uclibcgnueabihf/sysroot/usr/lib/crti.o;/home/seng/arm-rockchip830-linux-uclibcgnueabihf/lib/gcc/arm-rockchip830-linux-uclibcgnueabihf/8.3.0/crtbegin.o;/home/seng/arm-rockchip830-linux-uclibcgnueabihf/lib/gcc/arm-rockchip830-linux-uclibcgnueabihf/8.3.0/crtend.o;/home/seng/arm-rockchip830-linux-uclibcgnueabihf/arm-rockchip830-linux-uclibcgnueabihf/sysroot/usr/lib/crtn.o]
  implicit dirs: [/home/seng/arm-rockchip830-linux-uclibcgnueabihf/lib/gcc/arm-rockchip830-linux-uclibcgnueabihf/8.3.0;/home/seng/arm-rockchip830-linux-uclibcgnueabihf/lib/gcc;/home/seng/arm-rockchip830-linux-uclibcgnueabihf/arm-rockchip830-linux-uclibcgnueabihf/lib;/home/seng/arm-rockchip830-linux-uclibcgnueabihf/arm-rockchip830-linux-uclibcgnueabihf/sysroot/lib;/home/seng/arm-rockchip830-linux-uclibcgnueabihf/arm-rockchip830-linux-uclibcgnueabihf/sysroot/usr/lib]
  implicit fwks: []


